<?xml version="1.0" encoding="UTF-8"?>
<coverage generated="1760394393232" clover="3.2.0">
  <project timestamp="1760394393232" name="All files">
    <metrics statements="320" coveredstatements="235" conditionals="86" coveredconditionals="43" methods="137" coveredmethods="109" elements="543" coveredelements="387" complexity="0" loc="320" ncloc="320" packages="19" files="50" classes="50"/>
    <package name="components.Appbar">
      <metrics statements="2" coveredstatements="1" conditionals="2" coveredconditionals="2" methods="2" coveredmethods="1"/>
      <file name="index.tsx" path="C:\Users\Pedro.PedroM\mobile\lit_reactnative\src\components\Appbar\index.tsx">
        <metrics statements="2" coveredstatements="1" conditionals="2" coveredconditionals="2" methods="2" coveredmethods="1"/>
        <line num="19" count="3" type="stmt"/>
        <line num="25" count="0" type="cond" truecount="2" falsecount="0"/>
      </file>
    </package>
    <package name="components.PostHomeCard">
      <metrics statements="2" coveredstatements="1" conditionals="0" coveredconditionals="0" methods="1" coveredmethods="0"/>
      <file name="index.tsx" path="C:\Users\Pedro.PedroM\mobile\lit_reactnative\src\components\PostHomeCard\index.tsx">
        <metrics statements="1" coveredstatements="0" conditionals="0" coveredconditionals="0" methods="1" coveredmethods="0"/>
        <line num="7" count="0" type="stmt"/>
      </file>
      <file name="styles.ts" path="C:\Users\Pedro.PedroM\mobile\lit_reactnative\src\components\PostHomeCard\styles.ts">
        <metrics statements="1" coveredstatements="1" conditionals="0" coveredconditionals="0" methods="0" coveredmethods="0"/>
        <line num="4" count="1" type="stmt"/>
      </file>
    </package>
    <package name="context">
      <metrics statements="36" coveredstatements="34" conditionals="4" coveredconditionals="2" methods="10" coveredmethods="10"/>
      <file name="auth.tsx" path="C:\Users\Pedro.PedroM\mobile\lit_reactnative\src\context\auth.tsx">
        <metrics statements="23" coveredstatements="22" conditionals="2" coveredconditionals="1" methods="7" coveredmethods="7"/>
        <line num="5" count="1" type="stmt"/>
        <line num="15" count="1" type="stmt"/>
        <line num="21" count="1" type="stmt"/>
        <line num="22" count="4" type="stmt"/>
        <line num="24" count="4" type="stmt"/>
        <line num="25" count="1" type="stmt"/>
        <line num="26" count="1" type="stmt"/>
        <line num="29" count="4" type="stmt"/>
        <line num="30" count="1" type="stmt"/>
        <line num="33" count="4" type="stmt"/>
        <line num="34" count="1" type="stmt"/>
        <line num="35" count="1" type="stmt"/>
        <line num="38" count="4" type="stmt"/>
        <line num="39" count="1" type="stmt"/>
        <line num="40" count="1" type="stmt"/>
        <line num="43" count="4" type="stmt"/>
        <line num="44" count="1" type="stmt"/>
        <line num="45" count="1" type="stmt"/>
        <line num="48" count="4" type="stmt"/>
        <line num="56" count="21" type="stmt"/>
        <line num="57" count="21" type="cond" truecount="1" falsecount="1"/>
        <line num="58" count="0" type="stmt"/>
        <line num="60" count="21" type="stmt"/>
      </file>
      <file name="post.tsx" path="C:\Users\Pedro.PedroM\mobile\lit_reactnative\src\context\post.tsx">
        <metrics statements="13" coveredstatements="12" conditionals="2" coveredconditionals="1" methods="3" coveredmethods="3"/>
        <line num="5" count="1" type="stmt"/>
        <line num="12" count="1" type="stmt"/>
        <line num="14" count="1" type="stmt"/>
        <line num="15" count="2" type="stmt"/>
        <line num="17" count="2" type="stmt"/>
        <line num="18" count="3" type="stmt"/>
        <line num="19" count="3" type="stmt"/>
        <line num="20" count="3" type="stmt"/>
        <line num="23" count="2" type="stmt"/>
        <line num="31" count="2" type="stmt"/>
        <line num="32" count="2" type="cond" truecount="1" falsecount="1"/>
        <line num="33" count="0" type="stmt"/>
        <line num="35" count="2" type="stmt"/>
      </file>
    </package>
    <package name="core.domain.entities">
      <metrics statements="2" coveredstatements="2" conditionals="2" coveredconditionals="1" methods="4" coveredmethods="4"/>
      <file name="Post.ts" path="C:\Users\Pedro.PedroM\mobile\lit_reactnative\src\core\domain\entities\Post.ts">
        <metrics statements="1" coveredstatements="1" conditionals="2" coveredconditionals="1" methods="2" coveredmethods="2"/>
        <line num="26" count="26" type="stmt"/>
      </file>
      <file name="User.ts" path="C:\Users\Pedro.PedroM\mobile\lit_reactnative\src\core\domain\entities\User.ts">
        <metrics statements="1" coveredstatements="1" conditionals="0" coveredconditionals="0" methods="2" coveredmethods="2"/>
        <line num="20" count="25" type="stmt"/>
      </file>
    </package>
    <package name="core.domain.use-cases.post">
      <metrics statements="11" coveredstatements="11" conditionals="0" coveredconditionals="0" methods="12" coveredmethods="12"/>
      <file name="CreatePost.ts" path="C:\Users\Pedro.PedroM\mobile\lit_reactnative\src\core\domain\use-cases\post\CreatePost.ts">
        <metrics statements="4" coveredstatements="4" conditionals="0" coveredconditionals="0" methods="2" coveredmethods="2"/>
        <line num="17" count="1" type="stmt"/>
        <line num="19" count="1" type="stmt"/>
        <line num="30" count="1" type="stmt"/>
        <line num="31" count="1" type="stmt"/>
      </file>
      <file name="DeletePost.ts" path="C:\Users\Pedro.PedroM\mobile\lit_reactnative\src\core\domain\use-cases\post\DeletePost.ts">
        <metrics statements="1" coveredstatements="1" conditionals="0" coveredconditionals="0" methods="2" coveredmethods="2"/>
        <line num="8" count="1" type="stmt"/>
      </file>
      <file name="FindPostByGeolocation.ts" path="C:\Users\Pedro.PedroM\mobile\lit_reactnative\src\core\domain\use-cases\post\FindPostByGeolocation.ts">
        <metrics statements="1" coveredstatements="1" conditionals="0" coveredconditionals="0" methods="2" coveredmethods="2"/>
        <line num="8" count="1" type="stmt"/>
      </file>
      <file name="FindPostByUserId.ts" path="C:\Users\Pedro.PedroM\mobile\lit_reactnative\src\core\domain\use-cases\post\FindPostByUserId.ts">
        <metrics statements="1" coveredstatements="1" conditionals="0" coveredconditionals="0" methods="2" coveredmethods="2"/>
        <line num="8" count="1" type="stmt"/>
      </file>
      <file name="FindPosts.ts" path="C:\Users\Pedro.PedroM\mobile\lit_reactnative\src\core\domain\use-cases\post\FindPosts.ts">
        <metrics statements="1" coveredstatements="1" conditionals="0" coveredconditionals="0" methods="2" coveredmethods="2"/>
        <line num="9" count="4" type="stmt"/>
      </file>
      <file name="UpdatePost.ts" path="C:\Users\Pedro.PedroM\mobile\lit_reactnative\src\core\domain\use-cases\post\UpdatePost.ts">
        <metrics statements="3" coveredstatements="3" conditionals="0" coveredconditionals="0" methods="2" coveredmethods="2"/>
        <line num="18" count="1" type="stmt"/>
        <line num="20" count="1" type="stmt"/>
        <line num="31" count="1" type="stmt"/>
      </file>
    </package>
    <package name="core.domain.use-cases.user">
      <metrics statements="35" coveredstatements="32" conditionals="14" coveredconditionals="10" methods="16" coveredmethods="15"/>
      <file name="DeleteUser.ts" path="C:\Users\Pedro.PedroM\mobile\lit_reactnative\src\core\domain\use-cases\user\DeleteUser.ts">
        <metrics statements="5" coveredstatements="4" conditionals="2" coveredconditionals="1" methods="2" coveredmethods="2"/>
        <line num="7" count="1" type="stmt"/>
        <line num="9" count="1" type="stmt"/>
        <line num="11" count="1" type="cond" truecount="1" falsecount="1"/>
        <line num="12" count="0" type="stmt"/>
        <line num="15" count="1" type="stmt"/>
      </file>
      <file name="FindUserByEmail.ts" path="C:\Users\Pedro.PedroM\mobile\lit_reactnative\src\core\domain\use-cases\user\FindUserByEmail.ts">
        <metrics statements="1" coveredstatements="1" conditionals="0" coveredconditionals="0" methods="2" coveredmethods="2"/>
        <line num="8" count="2" type="stmt"/>
      </file>
      <file name="FindUserById.ts" path="C:\Users\Pedro.PedroM\mobile\lit_reactnative\src\core\domain\use-cases\user\FindUserById.ts">
        <metrics statements="1" coveredstatements="0" conditionals="0" coveredconditionals="0" methods="2" coveredmethods="1"/>
        <line num="8" count="0" type="stmt"/>
      </file>
      <file name="LoginUser.ts" path="C:\Users\Pedro.PedroM\mobile\lit_reactnative\src\core\domain\use-cases\user\LoginUser.ts">
        <metrics statements="9" coveredstatements="9" conditionals="4" coveredconditionals="4" methods="3" coveredmethods="3"/>
        <line num="12" count="4" type="stmt"/>
        <line num="14" count="4" type="stmt"/>
        <line num="16" count="4" type="cond" truecount="2" falsecount="0"/>
        <line num="17" count="1" type="stmt"/>
        <line num="20" count="3" type="stmt"/>
        <line num="25" count="3" type="cond" truecount="2" falsecount="0"/>
        <line num="26" count="1" type="stmt"/>
        <line num="29" count="2" type="stmt"/>
        <line num="36" count="3" type="stmt"/>
      </file>
      <file name="LogoutUser.ts" path="C:\Users\Pedro.PedroM\mobile\lit_reactnative\src\core\domain\use-cases\user\LogoutUser.ts">
        <metrics statements="1" coveredstatements="1" conditionals="0" coveredconditionals="0" methods="2" coveredmethods="2"/>
        <line num="7" count="1" type="stmt"/>
      </file>
      <file name="RegisterUser.ts" path="C:\Users\Pedro.PedroM\mobile\lit_reactnative\src\core\domain\use-cases\user\RegisterUser.ts">
        <metrics statements="9" coveredstatements="9" conditionals="2" coveredconditionals="2" methods="3" coveredmethods="3"/>
        <line num="16" count="3" type="stmt"/>
        <line num="18" count="3" type="stmt"/>
        <line num="20" count="3" type="cond" truecount="2" falsecount="0"/>
        <line num="21" count="1" type="stmt"/>
        <line num="24" count="2" type="stmt"/>
        <line num="26" count="2" type="stmt"/>
        <line num="33" count="2" type="stmt"/>
        <line num="35" count="2" type="stmt"/>
        <line num="39" count="2" type="stmt"/>
      </file>
      <file name="UpdateUser.ts" path="C:\Users\Pedro.PedroM\mobile\lit_reactnative\src\core\domain\use-cases\user\UpdateUser.ts">
        <metrics statements="9" coveredstatements="8" conditionals="6" coveredconditionals="3" methods="2" coveredmethods="2"/>
        <line num="15" count="1" type="stmt"/>
        <line num="17" count="1" type="stmt"/>
        <line num="19" count="1" type="cond" truecount="1" falsecount="1"/>
        <line num="20" count="0" type="stmt"/>
        <line num="23" count="1" type="cond" truecount="1" falsecount="1"/>
        <line num="24" count="1" type="cond" truecount="1" falsecount="1"/>
        <line num="26" count="1" type="stmt"/>
        <line num="33" count="1" type="stmt"/>
        <line num="35" count="1" type="stmt"/>
      </file>
    </package>
    <package name="core.domain.value-objects">
      <metrics statements="24" coveredstatements="24" conditionals="14" coveredconditionals="14" methods="15" coveredmethods="15"/>
      <file name="Email.ts" path="C:\Users\Pedro.PedroM\mobile\lit_reactnative\src\core\domain\value-objects\Email.ts">
        <metrics statements="5" coveredstatements="5" conditionals="2" coveredconditionals="2" methods="3" coveredmethods="3"/>
        <line num="5" count="29" type="cond" truecount="2" falsecount="0"/>
        <line num="6" count="1" type="stmt"/>
        <line num="8" count="28" type="stmt"/>
        <line num="12" count="29" type="stmt"/>
        <line num="13" count="29" type="stmt"/>
      </file>
      <file name="GeoCoordinates.ts" path="C:\Users\Pedro.PedroM\mobile\lit_reactnative\src\core\domain\value-objects\GeoCoordinates.ts">
        <metrics statements="4" coveredstatements="4" conditionals="6" coveredconditionals="6" methods="3" coveredmethods="3"/>
        <line num="5" count="20" type="cond" truecount="2" falsecount="0"/>
        <line num="6" count="2" type="stmt"/>
        <line num="8" count="18" type="stmt"/>
        <line num="12" count="20" type="cond" truecount="4" falsecount="0"/>
      </file>
      <file name="Name.ts" path="C:\Users\Pedro.PedroM\mobile\lit_reactnative\src\core\domain\value-objects\Name.ts">
        <metrics statements="4" coveredstatements="4" conditionals="2" coveredconditionals="2" methods="3" coveredmethods="3"/>
        <line num="5" count="28" type="cond" truecount="2" falsecount="0"/>
        <line num="6" count="1" type="stmt"/>
        <line num="8" count="27" type="stmt"/>
        <line num="12" count="28" type="stmt"/>
      </file>
      <file name="Password.ts" path="C:\Users\Pedro.PedroM\mobile\lit_reactnative\src\core\domain\value-objects\Password.ts">
        <metrics statements="4" coveredstatements="4" conditionals="2" coveredconditionals="2" methods="3" coveredmethods="3"/>
        <line num="5" count="28" type="cond" truecount="2" falsecount="0"/>
        <line num="6" count="1" type="stmt"/>
        <line num="8" count="27" type="stmt"/>
        <line num="12" count="28" type="stmt"/>
      </file>
      <file name="Photo.ts" path="C:\Users\Pedro.PedroM\mobile\lit_reactnative\src\core\domain\value-objects\Photo.ts">
        <metrics statements="7" coveredstatements="7" conditionals="2" coveredconditionals="2" methods="3" coveredmethods="3"/>
        <line num="5" count="2" type="cond" truecount="2" falsecount="0"/>
        <line num="6" count="1" type="stmt"/>
        <line num="8" count="1" type="stmt"/>
        <line num="12" count="2" type="stmt"/>
        <line num="13" count="2" type="stmt"/>
        <line num="14" count="1" type="stmt"/>
        <line num="16" count="1" type="stmt"/>
      </file>
    </package>
    <package name="core.factories">
      <metrics statements="17" coveredstatements="17" conditionals="0" coveredconditionals="0" methods="2" coveredmethods="2"/>
      <file name="makePostUseCases.ts" path="C:\Users\Pedro.PedroM\mobile\lit_reactnative\src\core\factories\makePostUseCases.ts">
        <metrics statements="8" coveredstatements="8" conditionals="0" coveredconditionals="0" methods="1" coveredmethods="1"/>
        <line num="12" count="3" type="stmt"/>
        <line num="14" count="3" type="stmt"/>
        <line num="15" count="3" type="stmt"/>
        <line num="16" count="3" type="stmt"/>
        <line num="17" count="3" type="stmt"/>
        <line num="18" count="3" type="stmt"/>
        <line num="19" count="3" type="stmt"/>
        <line num="21" count="3" type="stmt"/>
      </file>
      <file name="makeUserUseCases.ts" path="C:\Users\Pedro.PedroM\mobile\lit_reactnative\src\core\factories\makeUserUseCases.ts">
        <metrics statements="9" coveredstatements="9" conditionals="0" coveredconditionals="0" methods="1" coveredmethods="1"/>
        <line num="13" count="2" type="stmt"/>
        <line num="15" count="2" type="stmt"/>
        <line num="16" count="2" type="stmt"/>
        <line num="17" count="2" type="stmt"/>
        <line num="18" count="2" type="stmt"/>
        <line num="19" count="2" type="stmt"/>
        <line num="20" count="2" type="stmt"/>
        <line num="21" count="2" type="stmt"/>
        <line num="23" count="2" type="stmt"/>
      </file>
    </package>
    <package name="core.infra.repositories">
      <metrics statements="29" coveredstatements="29" conditionals="12" coveredconditionals="10" methods="26" coveredmethods="26"/>
      <file name="MockPostRepository.ts" path="C:\Users\Pedro.PedroM\mobile\lit_reactnative\src\core\infra\repositories\MockPostRepository.ts">
        <metrics statements="16" coveredstatements="16" conditionals="4" coveredconditionals="3" methods="15" coveredmethods="15"/>
        <line num="8" count="9" type="stmt"/>
        <line num="13" count="16" type="cond" truecount="2" falsecount="0"/>
        <line num="14" count="4" type="stmt"/>
        <line num="16" count="16" type="stmt"/>
        <line num="20" count="20" type="stmt"/>
        <line num="24" count="5" type="stmt"/>
        <line num="28" count="6" type="stmt"/>
        <line num="32" count="5" type="stmt"/>
        <line num="36" count="2" type="stmt"/>
        <line num="37" count="5" type="stmt"/>
        <line num="41" count="5" type="stmt"/>
        <line num="47" count="2" type="stmt"/>
        <line num="48" count="2" type="cond" truecount="1" falsecount="1"/>
        <line num="49" count="2" type="stmt"/>
        <line num="54" count="2" type="stmt"/>
        <line num="58" count="6" type="stmt"/>
      </file>
      <file name="MockUserRepository.ts" path="C:\Users\Pedro.PedroM\mobile\lit_reactnative\src\core\infra\repositories\MockUserRepository.ts">
        <metrics statements="13" coveredstatements="13" conditionals="8" coveredconditionals="7" methods="11" coveredmethods="11"/>
        <line num="10" count="7" type="stmt"/>
        <line num="20" count="12" type="cond" truecount="2" falsecount="0"/>
        <line num="21" count="3" type="stmt"/>
        <line num="23" count="12" type="stmt"/>
        <line num="27" count="9" type="stmt"/>
        <line num="31" count="19" type="cond" truecount="2" falsecount="0"/>
        <line num="35" count="6" type="cond" truecount="2" falsecount="0"/>
        <line num="39" count="3" type="stmt"/>
        <line num="40" count="2" type="stmt"/>
        <line num="41" count="2" type="cond" truecount="1" falsecount="1"/>
        <line num="42" count="2" type="stmt"/>
        <line num="47" count="3" type="stmt"/>
        <line num="51" count="5" type="stmt"/>
      </file>
    </package>
    <package name="navigations">
      <metrics statements="15" coveredstatements="14" conditionals="2" coveredconditionals="2" methods="9" coveredmethods="8"/>
      <file name="BottomMainNavigation.tsx" path="C:\Users\Pedro.PedroM\mobile\lit_reactnative\src\navigations\BottomMainNavigation.tsx">
        <metrics statements="9" coveredstatements="8" conditionals="0" coveredconditionals="0" methods="6" coveredmethods="5"/>
        <line num="3" count="1" type="stmt"/>
        <line num="12" count="1" type="stmt"/>
        <line num="22" count="1" type="stmt"/>
        <line num="25" count="5" type="stmt"/>
        <line num="30" count="4" type="stmt"/>
        <line num="33" count="4" type="stmt"/>
        <line num="36" count="4" type="stmt"/>
        <line num="39" count="0" type="stmt"/>
        <line num="46" count="1" type="stmt"/>
      </file>
      <file name="LoginStackNavigations.tsx" path="C:\Users\Pedro.PedroM\mobile\lit_reactnative\src\navigations\LoginStackNavigations.tsx">
        <metrics statements="2" coveredstatements="2" conditionals="0" coveredconditionals="0" methods="1" coveredmethods="1"/>
        <line num="7" count="1" type="stmt"/>
        <line num="22" count="2" type="stmt"/>
      </file>
      <file name="MainStackNavigation.tsx" path="C:\Users\Pedro.PedroM\mobile\lit_reactnative\src\navigations\MainStackNavigation.tsx">
        <metrics statements="2" coveredstatements="2" conditionals="0" coveredconditionals="0" methods="1" coveredmethods="1"/>
        <line num="18" count="1" type="stmt"/>
        <line num="34" count="2" type="stmt"/>
      </file>
      <file name="index.tsx" path="C:\Users\Pedro.PedroM\mobile\lit_reactnative\src\navigations\index.tsx">
        <metrics statements="2" coveredstatements="2" conditionals="2" coveredconditionals="2" methods="1" coveredmethods="1"/>
        <line num="8" count="4" type="stmt"/>
        <line num="10" count="4" type="stmt"/>
      </file>
    </package>
    <package name="screens.Add">
      <metrics statements="35" coveredstatements="2" conditionals="14" coveredconditionals="0" methods="7" coveredmethods="0"/>
      <file name="index.tsx" path="C:\Users\Pedro.PedroM\mobile\lit_reactnative\src\screens\Add\index.tsx">
        <metrics statements="34" coveredstatements="1" conditionals="14" coveredconditionals="0" methods="7" coveredmethods="0"/>
        <line num="18" count="1" type="stmt"/>
        <line num="25" count="0" type="stmt"/>
        <line num="26" count="0" type="stmt"/>
        <line num="27" count="0" type="stmt"/>
        <line num="28" count="0" type="stmt"/>
        <line num="29" count="0" type="stmt"/>
        <line num="30" count="0" type="stmt"/>
        <line num="32" count="0" type="stmt"/>
        <line num="35" count="0" type="cond" truecount="0" falsecount="2"/>
        <line num="36" count="0" type="stmt"/>
        <line num="37" count="0" type="stmt"/>
        <line num="38" count="0" type="cond" truecount="0" falsecount="2"/>
        <line num="39" count="0" type="stmt"/>
        <line num="40" count="0" type="stmt"/>
        <line num="43" count="0" type="stmt"/>
        <line num="44" count="0" type="stmt"/>
        <line num="45" count="0" type="stmt"/>
        <line num="46" count="0" type="stmt"/>
        <line num="47" count="0" type="stmt"/>
        <line num="48" count="0" type="stmt"/>
        <line num="52" count="0" type="stmt"/>
        <line num="55" count="0" type="stmt"/>
        <line num="56" count="0" type="stmt"/>
        <line num="57" count="0" type="cond" truecount="0" falsecount="2"/>
        <line num="58" count="0" type="stmt"/>
        <line num="59" count="0" type="stmt"/>
        <line num="62" count="0" type="stmt"/>
        <line num="71" count="0" type="stmt"/>
        <line num="73" count="0" type="stmt"/>
        <line num="80" count="0" type="stmt"/>
        <line num="82" count="0" type="stmt"/>
        <line num="92" count="0" type="stmt"/>
        <line num="94" count="0" type="stmt"/>
        <line num="122" count="0" type="stmt"/>
      </file>
      <file name="styles.ts" path="C:\Users\Pedro.PedroM\mobile\lit_reactnative\src\screens\Add\styles.ts">
        <metrics statements="1" coveredstatements="1" conditionals="0" coveredconditionals="0" methods="0" coveredmethods="0"/>
        <line num="5" count="1" type="stmt"/>
      </file>
    </package>
    <package name="screens.Camera">
      <metrics statements="32" coveredstatements="1" conditionals="18" coveredconditionals="0" methods="8" coveredmethods="0"/>
      <file name="index.tsx" path="C:\Users\Pedro.PedroM\mobile\lit_reactnative\src\screens\Camera\index.tsx">
        <metrics statements="31" coveredstatements="0" conditionals="18" coveredconditionals="0" methods="8" coveredmethods="0"/>
        <line num="14" count="0" type="stmt"/>
        <line num="15" count="0" type="stmt"/>
        <line num="16" count="0" type="stmt"/>
        <line num="17" count="0" type="stmt"/>
        <line num="18" count="0" type="stmt"/>
        <line num="20" count="0" type="stmt"/>
        <line num="21" count="0" type="cond" truecount="0" falsecount="2"/>
        <line num="23" count="0" type="stmt"/>
        <line num="25" count="0" type="cond" truecount="0" falsecount="2"/>
        <line num="26" count="0" type="stmt"/>
        <line num="27" count="0" type="stmt"/>
        <line num="31" count="0" type="stmt"/>
        <line num="34" count="0" type="cond" truecount="0" falsecount="2"/>
        <line num="35" count="0" type="stmt"/>
        <line num="38" count="0" type="cond" truecount="0" falsecount="2"/>
        <line num="39" count="0" type="stmt"/>
        <line num="48" count="0" type="cond" truecount="0" falsecount="2"/>
        <line num="52" count="0" type="cond" truecount="0" falsecount="2"/>
        <line num="53" count="0" type="stmt"/>
        <line num="54" count="0" type="stmt"/>
        <line num="59" count="0" type="stmt"/>
        <line num="60" count="0" type="cond" truecount="0" falsecount="2"/>
        <line num="61" count="0" type="stmt"/>
        <line num="63" count="0" type="stmt"/>
        <line num="64" count="0" type="stmt"/>
        <line num="66" count="0" type="stmt"/>
        <line num="67" count="0" type="stmt"/>
        <line num="76" count="0" type="cond" truecount="0" falsecount="2"/>
        <line num="77" count="0" type="stmt"/>
        <line num="80" count="0" type="stmt"/>
        <line num="91" count="0" type="stmt"/>
      </file>
      <file name="styles.ts" path="C:\Users\Pedro.PedroM\mobile\lit_reactnative\src\screens\Camera\styles.ts">
        <metrics statements="1" coveredstatements="1" conditionals="0" coveredconditionals="0" methods="0" coveredmethods="0"/>
        <line num="4" count="1" type="stmt"/>
      </file>
    </package>
    <package name="screens.EditProfile">
      <metrics statements="23" coveredstatements="21" conditionals="2" coveredconditionals="1" methods="4" coveredmethods="4"/>
      <file name="index.tsx" path="C:\Users\Pedro.PedroM\mobile\lit_reactnative\src\screens\EditProfile\index.tsx">
        <metrics statements="22" coveredstatements="20" conditionals="2" coveredconditionals="1" methods="4" coveredmethods="4"/>
        <line num="15" count="5" type="stmt"/>
        <line num="16" count="5" type="stmt"/>
        <line num="17" count="5" type="stmt"/>
        <line num="18" count="5" type="stmt"/>
        <line num="19" count="5" type="stmt"/>
        <line num="21" count="5" type="stmt"/>
        <line num="22" count="2" type="stmt"/>
        <line num="23" count="2" type="cond" truecount="1" falsecount="1"/>
        <line num="24" count="2" type="stmt"/>
        <line num="25" count="2" type="stmt"/>
        <line num="29" count="5" type="stmt"/>
        <line num="30" count="1" type="stmt"/>
        <line num="31" count="1" type="stmt"/>
        <line num="36" count="1" type="stmt"/>
        <line num="43" count="1" type="stmt"/>
        <line num="45" count="0" type="stmt"/>
        <line num="55" count="5" type="stmt"/>
        <line num="56" count="1" type="stmt"/>
        <line num="57" count="1" type="stmt"/>
        <line num="58" count="1" type="stmt"/>
        <line num="60" count="0" type="stmt"/>
        <line num="64" count="5" type="stmt"/>
      </file>
      <file name="styles.ts" path="C:\Users\Pedro.PedroM\mobile\lit_reactnative\src\screens\EditProfile\styles.ts">
        <metrics statements="1" coveredstatements="1" conditionals="0" coveredconditionals="0" methods="0" coveredmethods="0"/>
        <line num="4" count="1" type="stmt"/>
      </file>
    </package>
    <package name="screens.Explorar">
      <metrics statements="2" coveredstatements="1" conditionals="0" coveredconditionals="0" methods="1" coveredmethods="0"/>
      <file name="index.tsx" path="C:\Users\Pedro.PedroM\mobile\lit_reactnative\src\screens\Explorar\index.tsx">
        <metrics statements="1" coveredstatements="0" conditionals="0" coveredconditionals="0" methods="1" coveredmethods="0"/>
        <line num="5" count="0" type="stmt"/>
      </file>
      <file name="styles.ts" path="C:\Users\Pedro.PedroM\mobile\lit_reactnative\src\screens\Explorar\styles.ts">
        <metrics statements="1" coveredstatements="1" conditionals="0" coveredconditionals="0" methods="0" coveredmethods="0"/>
        <line num="4" count="1" type="stmt"/>
      </file>
    </package>
    <package name="screens.Home">
      <metrics statements="12" coveredstatements="8" conditionals="0" coveredconditionals="0" methods="7" coveredmethods="3"/>
      <file name="index.tsx" path="C:\Users\Pedro.PedroM\mobile\lit_reactnative\src\screens\Home\index.tsx">
        <metrics statements="11" coveredstatements="7" conditionals="0" coveredconditionals="0" methods="7" coveredmethods="3"/>
        <line num="11" count="2" type="stmt"/>
        <line num="12" count="2" type="stmt"/>
        <line num="14" count="2" type="stmt"/>
        <line num="15" count="0" type="stmt"/>
        <line num="16" count="0" type="stmt"/>
        <line num="19" count="2" type="stmt"/>
        <line num="20" count="1" type="stmt"/>
        <line num="23" count="2" type="stmt"/>
        <line num="30" count="0" type="stmt"/>
        <line num="32" count="0" type="stmt"/>
        <line num="35" count="2" type="stmt"/>
      </file>
      <file name="styles.ts" path="C:\Users\Pedro.PedroM\mobile\lit_reactnative\src\screens\Home\styles.ts">
        <metrics statements="1" coveredstatements="1" conditionals="0" coveredconditionals="0" methods="0" coveredmethods="0"/>
        <line num="4" count="1" type="stmt"/>
      </file>
    </package>
    <package name="screens.Login">
      <metrics statements="12" coveredstatements="11" conditionals="0" coveredconditionals="0" methods="3" coveredmethods="3"/>
      <file name="index.tsx" path="C:\Users\Pedro.PedroM\mobile\lit_reactnative\src\screens\Login\index.tsx">
        <metrics statements="11" coveredstatements="10" conditionals="0" coveredconditionals="0" methods="3" coveredmethods="3"/>
        <line num="13" count="4" type="stmt"/>
        <line num="14" count="4" type="stmt"/>
        <line num="15" count="4" type="stmt"/>
        <line num="17" count="4" type="stmt"/>
        <line num="18" count="1" type="stmt"/>
        <line num="19" count="1" type="stmt"/>
        <line num="20" count="1" type="stmt"/>
        <line num="21" count="1" type="stmt"/>
        <line num="23" count="0" type="stmt"/>
        <line num="27" count="4" type="stmt"/>
        <line num="51" count="1" type="stmt"/>
      </file>
      <file name="styles.ts" path="C:\Users\Pedro.PedroM\mobile\lit_reactnative\src\screens\Login\styles.ts">
        <metrics statements="1" coveredstatements="1" conditionals="0" coveredconditionals="0" methods="0" coveredmethods="0"/>
        <line num="4" count="1" type="stmt"/>
      </file>
    </package>
    <package name="screens.Perfil">
      <metrics statements="10" coveredstatements="8" conditionals="0" coveredconditionals="0" methods="7" coveredmethods="4"/>
      <file name="index.tsx" path="C:\Users\Pedro.PedroM\mobile\lit_reactnative\src\screens\Perfil\index.tsx">
        <metrics statements="9" coveredstatements="7" conditionals="0" coveredconditionals="0" methods="7" coveredmethods="4"/>
        <line num="12" count="2" type="stmt"/>
        <line num="13" count="2" type="stmt"/>
        <line num="15" count="2" type="stmt"/>
        <line num="17" count="2" type="stmt"/>
        <line num="21" count="2" type="stmt"/>
        <line num="23" count="2" type="stmt"/>
        <line num="29" count="2" type="stmt"/>
        <line num="41" count="0" type="stmt"/>
        <line num="43" count="0" type="stmt"/>
      </file>
      <file name="styles.ts" path="C:\Users\Pedro.PedroM\mobile\lit_reactnative\src\screens\Perfil\styles.ts">
        <metrics statements="1" coveredstatements="1" conditionals="0" coveredconditionals="0" methods="0" coveredmethods="0"/>
        <line num="4" count="1" type="stmt"/>
      </file>
    </package>
    <package name="screens.Register">
      <metrics statements="20" coveredstatements="17" conditionals="2" coveredconditionals="1" methods="3" coveredmethods="2"/>
      <file name="index.tsx" path="C:\Users\Pedro.PedroM\mobile\lit_reactnative\src\screens\Register\index.tsx">
        <metrics statements="19" coveredstatements="16" conditionals="2" coveredconditionals="1" methods="3" coveredmethods="2"/>
        <line num="14" count="6" type="stmt"/>
        <line num="15" count="6" type="stmt"/>
        <line num="16" count="6" type="stmt"/>
        <line num="17" count="6" type="stmt"/>
        <line num="18" count="6" type="stmt"/>
        <line num="19" count="6" type="stmt"/>
        <line num="21" count="6" type="stmt"/>
        <line num="22" count="1" type="stmt"/>
        <line num="23" count="1" type="cond" truecount="1" falsecount="1"/>
        <line num="24" count="0" type="stmt"/>
        <line num="27" count="1" type="stmt"/>
        <line num="28" count="1" type="stmt"/>
        <line num="29" count="1" type="stmt"/>
        <line num="31" count="1" type="stmt"/>
        <line num="32" count="1" type="stmt"/>
        <line num="39" count="1" type="stmt"/>
        <line num="41" count="0" type="stmt"/>
        <line num="51" count="6" type="stmt"/>
        <line num="69" count="0" type="stmt"/>
      </file>
      <file name="styles.ts" path="C:\Users\Pedro.PedroM\mobile\lit_reactnative\src\screens\Register\styles.ts">
        <metrics statements="1" coveredstatements="1" conditionals="0" coveredconditionals="0" methods="0" coveredmethods="0"/>
        <line num="4" count="1" type="stmt"/>
      </file>
    </package>
    <package name="styles">
      <metrics statements="1" coveredstatements="1" conditionals="0" coveredconditionals="0" methods="0" coveredmethods="0"/>
      <file name="colors.ts" path="C:\Users\Pedro.PedroM\mobile\lit_reactnative\src\styles\colors.ts">
        <metrics statements="1" coveredstatements="1" conditionals="0" coveredconditionals="0" methods="0" coveredmethods="0"/>
        <line num="2" count="1" type="stmt"/>
      </file>
    </package>
  </project>
</coverage>
