{"C:\\Users\\Pedro.PedroM\\mobile\\lit_reactnative\\src\\components\\Appbar\\index.tsx": {"path":"C:\\Users\\Pedro.PedroM\\mobile\\lit_reactnative\\src\\components\\Appbar\\index.tsx","statementMap":{"0":{"start":{"line":19,"column":4},"end":{"line":29,"column":5}},"1":{"start":{"line":25,"column":176},"end":{"line":25,"column":210}}},"fnMap":{"0":{"name":"CustomHeader","decl":{"start":{"line":17,"column":16},"end":{"line":17,"column":28}},"loc":{"start":{"line":17,"column":66},"end":{"line":30,"column":1}},"line":17},"1":{"name":"(anonymous_1)","decl":{"start":{"line":25,"column":170},"end":{"line":25,"column":171}},"loc":{"start":{"line":25,"column":176},"end":{"line":25,"column":210}},"line":25}},"branchMap":{"0":{"loc":{"start":{"line":25,"column":21},"end":{"line":25,"column":214}},"type":"binary-expr","locations":[{"start":{"line":25,"column":21},"end":{"line":25,"column":44}},{"start":{"line":25,"column":48},"end":{"line":25,"column":214}}],"line":25}},"s":{"0":3,"1":0},"f":{"0":3,"1":0},"b":{"0":[3,1]},"_coverageSchema":"1a1c01bbd47fc00a2c39e90264f33305004495a9","hash":"a29ca483a63926a70c8d85a6eb366a5c83499a18"}
,"C:\\Users\\Pedro.PedroM\\mobile\\lit_reactnative\\src\\components\\PostHomeCard\\index.tsx": {"path":"C:\\Users\\Pedro.PedroM\\mobile\\lit_reactnative\\src\\components\\PostHomeCard\\index.tsx","statementMap":{"0":{"start":{"line":7,"column":4},"end":{"line":25,"column":6}}},"fnMap":{"0":{"name":"PostHomeCard","decl":{"start":{"line":6,"column":16},"end":{"line":6,"column":28}},"loc":{"start":{"line":6,"column":55},"end":{"line":26,"column":1}},"line":6}},"branchMap":{},"s":{"0":0},"f":{"0":0},"b":{},"_coverageSchema":"1a1c01bbd47fc00a2c39e90264f33305004495a9","hash":"d22931b91c50b632dceab84eced2978a945a4e46"}
,"C:\\Users\\Pedro.PedroM\\mobile\\lit_reactnative\\src\\components\\PostHomeCard\\styles.ts": {"path":"C:\\Users\\Pedro.PedroM\\mobile\\lit_reactnative\\src\\components\\PostHomeCard\\styles.ts","statementMap":{"0":{"start":{"line":4,"column":22},"end":{"line":67,"column":2}}},"fnMap":{},"branchMap":{},"s":{"0":1},"f":{},"b":{},"_coverageSchema":"1a1c01bbd47fc00a2c39e90264f33305004495a9","hash":"bb22fc9fbb974fbb6610a6201e07008741e631aa"}
,"C:\\Users\\Pedro.PedroM\\mobile\\lit_reactnative\\src\\context\\auth.tsx": {"path":"C:\\Users\\Pedro.PedroM\\mobile\\lit_reactnative\\src\\context\\auth.tsx","statementMap":{"0":{"start":{"line":5,"column":21},"end":{"line":5,"column":39}},"1":{"start":{"line":15,"column":20},"end":{"line":15,"column":73}},"2":{"start":{"line":21,"column":28},"end":{"line":53,"column":1}},"3":{"start":{"line":22,"column":28},"end":{"line":22,"column":55}},"4":{"start":{"line":24,"column":18},"end":{"line":27,"column":5}},"5":{"start":{"line":25,"column":21},"end":{"line":25,"column":76}},"6":{"start":{"line":26,"column":8},"end":{"line":26,"column":22}},"7":{"start":{"line":29,"column":21},"end":{"line":31,"column":5}},"8":{"start":{"line":30,"column":8},"end":{"line":30,"column":53}},"9":{"start":{"line":33,"column":19},"end":{"line":36,"column":5}},"10":{"start":{"line":34,"column":8},"end":{"line":34,"column":60}},"11":{"start":{"line":35,"column":8},"end":{"line":35,"column":22}},"12":{"start":{"line":38,"column":19},"end":{"line":41,"column":5}},"13":{"start":{"line":39,"column":22},"end":{"line":39,"column":65}},"14":{"start":{"line":40,"column":8},"end":{"line":40,"column":25}},"15":{"start":{"line":43,"column":23},"end":{"line":46,"column":5}},"16":{"start":{"line":44,"column":8},"end":{"line":44,"column":60}},"17":{"start":{"line":45,"column":8},"end":{"line":45,"column":22}},"18":{"start":{"line":48,"column":4},"end":{"line":52,"column":6}},"19":{"start":{"line":56,"column":20},"end":{"line":56,"column":43}},"20":{"start":{"line":57,"column":4},"end":{"line":59,"column":5}},"21":{"start":{"line":58,"column":8},"end":{"line":58,"column":71}},"22":{"start":{"line":60,"column":4},"end":{"line":60,"column":19}}},"fnMap":{"0":{"name":"(anonymous_0)","decl":{"start":{"line":21,"column":28},"end":{"line":21,"column":29}},"loc":{"start":{"line":21,"column":57},"end":{"line":53,"column":1}},"line":21},"1":{"name":"(anonymous_1)","decl":{"start":{"line":24,"column":18},"end":{"line":24,"column":19}},"loc":{"start":{"line":24,"column":61},"end":{"line":27,"column":5}},"line":24},"2":{"name":"(anonymous_2)","decl":{"start":{"line":29,"column":21},"end":{"line":29,"column":22}},"loc":{"start":{"line":29,"column":85},"end":{"line":31,"column":5}},"line":29},"3":{"name":"(anonymous_3)","decl":{"start":{"line":33,"column":19},"end":{"line":33,"column":20}},"loc":{"start":{"line":33,"column":25},"end":{"line":36,"column":5}},"line":33},"4":{"name":"(anonymous_4)","decl":{"start":{"line":38,"column":19},"end":{"line":38,"column":20}},"loc":{"start":{"line":38,"column":73},"end":{"line":41,"column":5}},"line":38},"5":{"name":"(anonymous_5)","decl":{"start":{"line":43,"column":23},"end":{"line":43,"column":24}},"loc":{"start":{"line":43,"column":46},"end":{"line":46,"column":5}},"line":43},"6":{"name":"useAuth","decl":{"start":{"line":55,"column":16},"end":{"line":55,"column":23}},"loc":{"start":{"line":55,"column":26},"end":{"line":61,"column":1}},"line":55}},"branchMap":{"0":{"loc":{"start":{"line":57,"column":4},"end":{"line":59,"column":5}},"type":"if","locations":[{"start":{"line":57,"column":4},"end":{"line":59,"column":5}},{"start":{},"end":{}}],"line":57}},"s":{"0":1,"1":1,"2":1,"3":4,"4":4,"5":1,"6":1,"7":4,"8":1,"9":4,"10":1,"11":1,"12":4,"13":1,"14":1,"15":4,"16":1,"17":1,"18":4,"19":21,"20":21,"21":0,"22":21},"f":{"0":4,"1":1,"2":1,"3":1,"4":1,"5":1,"6":21},"b":{"0":[0,21]},"_coverageSchema":"1a1c01bbd47fc00a2c39e90264f33305004495a9","hash":"10c236de0b222b3ff6b8f6349e46f4d4a285c206"}
,"C:\\Users\\Pedro.PedroM\\mobile\\lit_reactnative\\src\\context\\post.tsx": {"path":"C:\\Users\\Pedro.PedroM\\mobile\\lit_reactnative\\src\\context\\post.tsx","statementMap":{"0":{"start":{"line":5,"column":22},"end":{"line":5,"column":40}},"1":{"start":{"line":12,"column":27},"end":{"line":12,"column":80}},"2":{"start":{"line":14,"column":28},"end":{"line":28,"column":1}},"3":{"start":{"line":15,"column":30},"end":{"line":15,"column":50}},"4":{"start":{"line":17,"column":23},"end":{"line":21,"column":5}},"5":{"start":{"line":18,"column":29},"end":{"line":18,"column":54}},"6":{"start":{"line":19,"column":8},"end":{"line":19,"column":30}},"7":{"start":{"line":20,"column":8},"end":{"line":20,"column":27}},"8":{"start":{"line":23,"column":4},"end":{"line":27,"column":6}},"9":{"start":{"line":31,"column":20},"end":{"line":31,"column":43}},"10":{"start":{"line":32,"column":4},"end":{"line":34,"column":5}},"11":{"start":{"line":33,"column":8},"end":{"line":33,"column":70}},"12":{"start":{"line":35,"column":4},"end":{"line":35,"column":19}}},"fnMap":{"0":{"name":"(anonymous_0)","decl":{"start":{"line":14,"column":28},"end":{"line":14,"column":29}},"loc":{"start":{"line":14,"column":71},"end":{"line":28,"column":1}},"line":14},"1":{"name":"(anonymous_1)","decl":{"start":{"line":17,"column":23},"end":{"line":17,"column":24}},"loc":{"start":{"line":17,"column":35},"end":{"line":21,"column":5}},"line":17},"2":{"name":"usePost","decl":{"start":{"line":30,"column":16},"end":{"line":30,"column":23}},"loc":{"start":{"line":30,"column":26},"end":{"line":36,"column":1}},"line":30}},"branchMap":{"0":{"loc":{"start":{"line":32,"column":4},"end":{"line":34,"column":5}},"type":"if","locations":[{"start":{"line":32,"column":4},"end":{"line":34,"column":5}},{"start":{},"end":{}}],"line":32}},"s":{"0":1,"1":1,"2":1,"3":2,"4":2,"5":3,"6":3,"7":3,"8":2,"9":2,"10":2,"11":0,"12":2},"f":{"0":2,"1":3,"2":2},"b":{"0":[0,2]},"_coverageSchema":"1a1c01bbd47fc00a2c39e90264f33305004495a9","hash":"e74bbca21b175337b7c7fd4c720c660a9bd6764f"}
,"C:\\Users\\Pedro.PedroM\\mobile\\lit_reactnative\\src\\core\\domain\\entities\\Post.ts": {"path":"C:\\Users\\Pedro.PedroM\\mobile\\lit_reactnative\\src\\core\\domain\\entities\\Post.ts","statementMap":{"0":{"start":{"line":26,"column":8},"end":{"line":26,"column":92}}},"fnMap":{"0":{"name":"(anonymous_0)","decl":{"start":{"line":4,"column":4},"end":{"line":4,"column":5}},"loc":{"start":{"line":14,"column":5},"end":{"line":14,"column":7}},"line":14},"1":{"name":"(anonymous_1)","decl":{"start":{"line":16,"column":4},"end":{"line":16,"column":5}},"loc":{"start":{"line":25,"column":11},"end":{"line":27,"column":5}},"line":25}},"branchMap":{"0":{"loc":{"start":{"line":13,"column":17},"end":{"line":13,"column":45}},"type":"default-arg","locations":[{"start":{"line":13,"column":35},"end":{"line":13,"column":45}}],"line":13},"1":{"loc":{"start":{"line":21,"column":8},"end":{"line":21,"column":24}},"type":"default-arg","locations":[{"start":{"line":21,"column":23},"end":{"line":21,"column":24}}],"line":21}},"s":{"0":26},"f":{"0":26,"1":26},"b":{"0":[26],"1":[0]},"_coverageSchema":"1a1c01bbd47fc00a2c39e90264f33305004495a9","hash":"2f42e76c115d26349a2e3dd2e58a0ba9e0360c92"}
,"C:\\Users\\Pedro.PedroM\\mobile\\lit_reactnative\\src\\core\\domain\\entities\\User.ts": {"path":"C:\\Users\\Pedro.PedroM\\mobile\\lit_reactnative\\src\\core\\domain\\entities\\User.ts","statementMap":{"0":{"start":{"line":20,"column":4},"end":{"line":20,"column":47}}},"fnMap":{"0":{"name":"(anonymous_0)","decl":{"start":{"line":7,"column":2},"end":{"line":7,"column":3}},"loc":{"start":{"line":12,"column":4},"end":{"line":12,"column":6}},"line":12},"1":{"name":"(anonymous_1)","decl":{"start":{"line":14,"column":2},"end":{"line":14,"column":3}},"loc":{"start":{"line":19,"column":10},"end":{"line":21,"column":3}},"line":19}},"branchMap":{},"s":{"0":25},"f":{"0":25,"1":25},"b":{},"_coverageSchema":"1a1c01bbd47fc00a2c39e90264f33305004495a9","hash":"94d500252c296790624cdf9abe4efa2ee656860a"}
,"C:\\Users\\Pedro.PedroM\\mobile\\lit_reactnative\\src\\core\\domain\\use-cases\\post\\CreatePost.ts": {"path":"C:\\Users\\Pedro.PedroM\\mobile\\lit_reactnative\\src\\core\\domain\\use-cases\\post\\CreatePost.ts","statementMap":{"0":{"start":{"line":17,"column":75},"end":{"line":17,"column":81}},"1":{"start":{"line":19,"column":21},"end":{"line":28,"column":9}},"2":{"start":{"line":30,"column":8},"end":{"line":30,"column":45}},"3":{"start":{"line":31,"column":8},"end":{"line":31,"column":20}}},"fnMap":{"0":{"name":"(anonymous_0)","decl":{"start":{"line":7,"column":4},"end":{"line":7,"column":5}},"loc":{"start":{"line":7,"column":66},"end":{"line":7,"column":69}},"line":7},"1":{"name":"(anonymous_1)","decl":{"start":{"line":9,"column":4},"end":{"line":9,"column":5}},"loc":{"start":{"line":16,"column":22},"end":{"line":32,"column":5}},"line":16}},"branchMap":{},"s":{"0":1,"1":1,"2":1,"3":1},"f":{"0":4,"1":1},"b":{},"_coverageSchema":"1a1c01bbd47fc00a2c39e90264f33305004495a9","hash":"ce2370915c5db0b688e7c10d58eae7fd7327b245"}
,"C:\\Users\\Pedro.PedroM\\mobile\\lit_reactnative\\src\\core\\domain\\use-cases\\post\\DeletePost.ts": {"path":"C:\\Users\\Pedro.PedroM\\mobile\\lit_reactnative\\src\\core\\domain\\use-cases\\post\\DeletePost.ts","statementMap":{"0":{"start":{"line":8,"column":8},"end":{"line":8,"column":52}}},"fnMap":{"0":{"name":"(anonymous_0)","decl":{"start":{"line":5,"column":4},"end":{"line":5,"column":5}},"loc":{"start":{"line":5,"column":66},"end":{"line":5,"column":69}},"line":5},"1":{"name":"(anonymous_1)","decl":{"start":{"line":7,"column":4},"end":{"line":7,"column":5}},"loc":{"start":{"line":7,"column":57},"end":{"line":9,"column":5}},"line":7}},"branchMap":{},"s":{"0":1},"f":{"0":4,"1":1},"b":{},"_coverageSchema":"1a1c01bbd47fc00a2c39e90264f33305004495a9","hash":"2c2fc3b584de538c999f69783efa0a9ac18b682e"}
,"C:\\Users\\Pedro.PedroM\\mobile\\lit_reactnative\\src\\core\\domain\\use-cases\\post\\FindPostByGeolocation.ts": {"path":"C:\\Users\\Pedro.PedroM\\mobile\\lit_reactnative\\src\\core\\domain\\use-cases\\post\\FindPostByGeolocation.ts","statementMap":{"0":{"start":{"line":8,"column":8},"end":{"line":8,"column":103}}},"fnMap":{"0":{"name":"(anonymous_0)","decl":{"start":{"line":5,"column":4},"end":{"line":5,"column":5}},"loc":{"start":{"line":5,"column":66},"end":{"line":5,"column":69}},"line":5},"1":{"name":"(anonymous_1)","decl":{"start":{"line":7,"column":4},"end":{"line":7,"column":5}},"loc":{"start":{"line":7,"column":100},"end":{"line":9,"column":5}},"line":7}},"branchMap":{},"s":{"0":1},"f":{"0":4,"1":1},"b":{},"_coverageSchema":"1a1c01bbd47fc00a2c39e90264f33305004495a9","hash":"af4b8ce64c791565d14d21b07477f455adc13432"}
,"C:\\Users\\Pedro.PedroM\\mobile\\lit_reactnative\\src\\core\\domain\\use-cases\\post\\FindPostByUserId.ts": {"path":"C:\\Users\\Pedro.PedroM\\mobile\\lit_reactnative\\src\\core\\domain\\use-cases\\post\\FindPostByUserId.ts","statementMap":{"0":{"start":{"line":8,"column":8},"end":{"line":8,"column":63}}},"fnMap":{"0":{"name":"(anonymous_0)","decl":{"start":{"line":5,"column":4},"end":{"line":5,"column":5}},"loc":{"start":{"line":5,"column":66},"end":{"line":5,"column":69}},"line":5},"1":{"name":"(anonymous_1)","decl":{"start":{"line":7,"column":4},"end":{"line":7,"column":5}},"loc":{"start":{"line":7,"column":63},"end":{"line":9,"column":5}},"line":7}},"branchMap":{},"s":{"0":1},"f":{"0":4,"1":1},"b":{},"_coverageSchema":"1a1c01bbd47fc00a2c39e90264f33305004495a9","hash":"8f94e63c6c72a022db8a4ad4025e5f20601e5c8f"}
,"C:\\Users\\Pedro.PedroM\\mobile\\lit_reactnative\\src\\core\\domain\\use-cases\\post\\FindPosts.ts": {"path":"C:\\Users\\Pedro.PedroM\\mobile\\lit_reactnative\\src\\core\\domain\\use-cases\\post\\FindPosts.ts","statementMap":{"0":{"start":{"line":9,"column":8},"end":{"line":9,"column":44}}},"fnMap":{"0":{"name":"(anonymous_0)","decl":{"start":{"line":6,"column":4},"end":{"line":6,"column":5}},"loc":{"start":{"line":6,"column":66},"end":{"line":6,"column":69}},"line":6},"1":{"name":"(anonymous_1)","decl":{"start":{"line":8,"column":4},"end":{"line":8,"column":5}},"loc":{"start":{"line":8,"column":37},"end":{"line":10,"column":5}},"line":8}},"branchMap":{},"s":{"0":4},"f":{"0":4,"1":4},"b":{},"_coverageSchema":"1a1c01bbd47fc00a2c39e90264f33305004495a9","hash":"b14ba786481dd985d825be546292b9ba56c7d8e6"}
,"C:\\Users\\Pedro.PedroM\\mobile\\lit_reactnative\\src\\core\\domain\\use-cases\\post\\UpdatePost.ts": {"path":"C:\\Users\\Pedro.PedroM\\mobile\\lit_reactnative\\src\\core\\domain\\use-cases\\post\\UpdatePost.ts","statementMap":{"0":{"start":{"line":18,"column":87},"end":{"line":18,"column":93}},"1":{"start":{"line":20,"column":21},"end":{"line":29,"column":9}},"2":{"start":{"line":31,"column":8},"end":{"line":31,"column":47}}},"fnMap":{"0":{"name":"(anonymous_0)","decl":{"start":{"line":6,"column":4},"end":{"line":6,"column":5}},"loc":{"start":{"line":6,"column":66},"end":{"line":6,"column":69}},"line":6},"1":{"name":"(anonymous_1)","decl":{"start":{"line":8,"column":4},"end":{"line":8,"column":5}},"loc":{"start":{"line":17,"column":22},"end":{"line":32,"column":5}},"line":17}},"branchMap":{},"s":{"0":1,"1":1,"2":1},"f":{"0":4,"1":1},"b":{},"_coverageSchema":"1a1c01bbd47fc00a2c39e90264f33305004495a9","hash":"06c83b904401bea9cc46810ae70cb231379c6bde"}
,"C:\\Users\\Pedro.PedroM\\mobile\\lit_reactnative\\src\\core\\domain\\use-cases\\user\\DeleteUser.ts": {"path":"C:\\Users\\Pedro.PedroM\\mobile\\lit_reactnative\\src\\core\\domain\\use-cases\\user\\DeleteUser.ts","statementMap":{"0":{"start":{"line":7,"column":19},"end":{"line":7,"column":25}},"1":{"start":{"line":9,"column":17},"end":{"line":9,"column":55}},"2":{"start":{"line":11,"column":4},"end":{"line":13,"column":5}},"3":{"start":{"line":12,"column":6},"end":{"line":12,"column":40}},"4":{"start":{"line":15,"column":4},"end":{"line":15,"column":41}}},"fnMap":{"0":{"name":"(anonymous_0)","decl":{"start":{"line":4,"column":2},"end":{"line":4,"column":3}},"loc":{"start":{"line":4,"column":64},"end":{"line":4,"column":67}},"line":4},"1":{"name":"(anonymous_1)","decl":{"start":{"line":6,"column":2},"end":{"line":6,"column":3}},"loc":{"start":{"line":6,"column":55},"end":{"line":16,"column":3}},"line":6}},"branchMap":{"0":{"loc":{"start":{"line":11,"column":4},"end":{"line":13,"column":5}},"type":"if","locations":[{"start":{"line":11,"column":4},"end":{"line":13,"column":5}},{"start":{},"end":{}}],"line":11}},"s":{"0":1,"1":1,"2":1,"3":0,"4":1},"f":{"0":2,"1":1},"b":{"0":[0,1]},"_coverageSchema":"1a1c01bbd47fc00a2c39e90264f33305004495a9","hash":"a2f812fa8df22b01181dbf8fb3b0f4a72661a54d"}
,"C:\\Users\\Pedro.PedroM\\mobile\\lit_reactnative\\src\\core\\domain\\use-cases\\user\\FindUserByEmail.ts": {"path":"C:\\Users\\Pedro.PedroM\\mobile\\lit_reactnative\\src\\core\\domain\\use-cases\\user\\FindUserByEmail.ts","statementMap":{"0":{"start":{"line":8,"column":8},"end":{"line":8,"column":61}}},"fnMap":{"0":{"name":"(anonymous_0)","decl":{"start":{"line":5,"column":4},"end":{"line":5,"column":5}},"loc":{"start":{"line":5,"column":66},"end":{"line":5,"column":69}},"line":5},"1":{"name":"(anonymous_1)","decl":{"start":{"line":7,"column":4},"end":{"line":7,"column":5}},"loc":{"start":{"line":7,"column":67},"end":{"line":9,"column":5}},"line":7}},"branchMap":{},"s":{"0":2},"f":{"0":3,"1":2},"b":{},"_coverageSchema":"1a1c01bbd47fc00a2c39e90264f33305004495a9","hash":"7a306312217e3b4249bea847eb90f488c436485b"}
,"C:\\Users\\Pedro.PedroM\\mobile\\lit_reactnative\\src\\core\\domain\\use-cases\\user\\FindUserById.ts": {"path":"C:\\Users\\Pedro.PedroM\\mobile\\lit_reactnative\\src\\core\\domain\\use-cases\\user\\FindUserById.ts","statementMap":{"0":{"start":{"line":8,"column":4},"end":{"line":8,"column":51}}},"fnMap":{"0":{"name":"(anonymous_0)","decl":{"start":{"line":5,"column":2},"end":{"line":5,"column":3}},"loc":{"start":{"line":5,"column":64},"end":{"line":5,"column":67}},"line":5},"1":{"name":"(anonymous_1)","decl":{"start":{"line":7,"column":2},"end":{"line":7,"column":3}},"loc":{"start":{"line":7,"column":62},"end":{"line":9,"column":3}},"line":7}},"branchMap":{},"s":{"0":0},"f":{"0":2,"1":0},"b":{},"_coverageSchema":"1a1c01bbd47fc00a2c39e90264f33305004495a9","hash":"861abab010a965147090b4604780331414555f77"}
,"C:\\Users\\Pedro.PedroM\\mobile\\lit_reactnative\\src\\core\\domain\\use-cases\\user\\LoginUser.ts": {"path":"C:\\Users\\Pedro.PedroM\\mobile\\lit_reactnative\\src\\core\\domain\\use-cases\\user\\LoginUser.ts","statementMap":{"0":{"start":{"line":12,"column":32},"end":{"line":12,"column":38}},"1":{"start":{"line":14,"column":17},"end":{"line":14,"column":61}},"2":{"start":{"line":16,"column":4},"end":{"line":18,"column":5}},"3":{"start":{"line":17,"column":6},"end":{"line":17,"column":47}},"4":{"start":{"line":20,"column":28},"end":{"line":23,"column":5}},"5":{"start":{"line":25,"column":4},"end":{"line":27,"column":5}},"6":{"start":{"line":26,"column":6},"end":{"line":26,"column":47}},"7":{"start":{"line":29,"column":4},"end":{"line":29,"column":16}},"8":{"start":{"line":36,"column":4},"end":{"line":36,"column":51}}},"fnMap":{"0":{"name":"(anonymous_0)","decl":{"start":{"line":6,"column":2},"end":{"line":6,"column":3}},"loc":{"start":{"line":6,"column":64},"end":{"line":6,"column":67}},"line":6},"1":{"name":"(anonymous_1)","decl":{"start":{"line":8,"column":2},"end":{"line":8,"column":3}},"loc":{"start":{"line":11,"column":20},"end":{"line":30,"column":3}},"line":11},"2":{"name":"(anonymous_2)","decl":{"start":{"line":32,"column":2},"end":{"line":32,"column":3}},"loc":{"start":{"line":35,"column":22},"end":{"line":37,"column":3}},"line":35}},"branchMap":{"0":{"loc":{"start":{"line":16,"column":4},"end":{"line":18,"column":5}},"type":"if","locations":[{"start":{"line":16,"column":4},"end":{"line":18,"column":5}},{"start":{},"end":{}}],"line":16},"1":{"loc":{"start":{"line":25,"column":4},"end":{"line":27,"column":5}},"type":"if","locations":[{"start":{"line":25,"column":4},"end":{"line":27,"column":5}},{"start":{},"end":{}}],"line":25}},"s":{"0":4,"1":4,"2":4,"3":1,"4":3,"5":3,"6":1,"7":2,"8":3},"f":{"0":3,"1":4,"2":3},"b":{"0":[1,3],"1":[1,2]},"_coverageSchema":"1a1c01bbd47fc00a2c39e90264f33305004495a9","hash":"82b4fab5184159edbb6c4211a8b32ac1e1fd695e"}
,"C:\\Users\\Pedro.PedroM\\mobile\\lit_reactnative\\src\\core\\domain\\use-cases\\user\\LogoutUser.ts": {"path":"C:\\Users\\Pedro.PedroM\\mobile\\lit_reactnative\\src\\core\\domain\\use-cases\\user\\LogoutUser.ts","statementMap":{"0":{"start":{"line":7,"column":4},"end":{"line":7,"column":53}}},"fnMap":{"0":{"name":"(anonymous_0)","decl":{"start":{"line":2,"column":2},"end":{"line":2,"column":3}},"loc":{"start":{"line":2,"column":16},"end":{"line":2,"column":18}},"line":2},"1":{"name":"(anonymous_1)","decl":{"start":{"line":4,"column":2},"end":{"line":4,"column":3}},"loc":{"start":{"line":4,"column":59},"end":{"line":8,"column":3}},"line":4}},"branchMap":{},"s":{"0":1},"f":{"0":2,"1":1},"b":{},"_coverageSchema":"1a1c01bbd47fc00a2c39e90264f33305004495a9","hash":"ba79b7fe24c81b62fa4b17767d06fc17bd6f79f7"}
,"C:\\Users\\Pedro.PedroM\\mobile\\lit_reactnative\\src\\core\\domain\\use-cases\\user\\RegisterUser.ts": {"path":"C:\\Users\\Pedro.PedroM\\mobile\\lit_reactnative\\src\\core\\domain\\use-cases\\user\\RegisterUser.ts","statementMap":{"0":{"start":{"line":16,"column":38},"end":{"line":16,"column":44}},"1":{"start":{"line":18,"column":23},"end":{"line":18,"column":67}},"2":{"start":{"line":20,"column":4},"end":{"line":22,"column":5}},"3":{"start":{"line":21,"column":6},"end":{"line":21,"column":45}},"4":{"start":{"line":24,"column":27},"end":{"line":24,"column":60}},"5":{"start":{"line":26,"column":17},"end":{"line":31,"column":5}},"6":{"start":{"line":33,"column":4},"end":{"line":33,"column":41}},"7":{"start":{"line":35,"column":4},"end":{"line":35,"column":16}},"8":{"start":{"line":39,"column":4},"end":{"line":39,"column":32}}},"fnMap":{"0":{"name":"(anonymous_0)","decl":{"start":{"line":9,"column":2},"end":{"line":9,"column":3}},"loc":{"start":{"line":9,"column":64},"end":{"line":9,"column":67}},"line":9},"1":{"name":"(anonymous_1)","decl":{"start":{"line":11,"column":2},"end":{"line":11,"column":3}},"loc":{"start":{"line":15,"column":20},"end":{"line":36,"column":3}},"line":15},"2":{"name":"(anonymous_2)","decl":{"start":{"line":38,"column":2},"end":{"line":38,"column":3}},"loc":{"start":{"line":38,"column":64},"end":{"line":40,"column":3}},"line":38}},"branchMap":{"0":{"loc":{"start":{"line":20,"column":4},"end":{"line":22,"column":5}},"type":"if","locations":[{"start":{"line":20,"column":4},"end":{"line":22,"column":5}},{"start":{},"end":{}}],"line":20}},"s":{"0":3,"1":3,"2":3,"3":1,"4":2,"5":2,"6":2,"7":2,"8":2},"f":{"0":4,"1":3,"2":2},"b":{"0":[1,2]},"_coverageSchema":"1a1c01bbd47fc00a2c39e90264f33305004495a9","hash":"271029279cb4727087ade9fce55aa1c844517bc3"}
,"C:\\Users\\Pedro.PedroM\\mobile\\lit_reactnative\\src\\core\\domain\\use-cases\\user\\UpdateUser.ts": {"path":"C:\\Users\\Pedro.PedroM\\mobile\\lit_reactnative\\src\\core\\domain\\use-cases\\user\\UpdateUser.ts","statementMap":{"0":{"start":{"line":15,"column":31},"end":{"line":15,"column":37}},"1":{"start":{"line":17,"column":17},"end":{"line":17,"column":55}},"2":{"start":{"line":19,"column":4},"end":{"line":21,"column":5}},"3":{"start":{"line":20,"column":6},"end":{"line":20,"column":40}},"4":{"start":{"line":23,"column":20},"end":{"line":23,"column":56}},"5":{"start":{"line":24,"column":21},"end":{"line":24,"column":61}},"6":{"start":{"line":26,"column":24},"end":{"line":31,"column":5}},"7":{"start":{"line":33,"column":4},"end":{"line":33,"column":50}},"8":{"start":{"line":35,"column":4},"end":{"line":35,"column":23}}},"fnMap":{"0":{"name":"(anonymous_0)","decl":{"start":{"line":8,"column":2},"end":{"line":8,"column":3}},"loc":{"start":{"line":8,"column":64},"end":{"line":8,"column":67}},"line":8},"1":{"name":"(anonymous_1)","decl":{"start":{"line":10,"column":2},"end":{"line":10,"column":3}},"loc":{"start":{"line":14,"column":20},"end":{"line":36,"column":3}},"line":14}},"branchMap":{"0":{"loc":{"start":{"line":19,"column":4},"end":{"line":21,"column":5}},"type":"if","locations":[{"start":{"line":19,"column":4},"end":{"line":21,"column":5}},{"start":{},"end":{}}],"line":19},"1":{"loc":{"start":{"line":23,"column":20},"end":{"line":23,"column":56}},"type":"cond-expr","locations":[{"start":{"line":23,"column":27},"end":{"line":23,"column":44}},{"start":{"line":23,"column":47},"end":{"line":23,"column":56}}],"line":23},"2":{"loc":{"start":{"line":24,"column":21},"end":{"line":24,"column":61}},"type":"cond-expr","locations":[{"start":{"line":24,"column":29},"end":{"line":24,"column":48}},{"start":{"line":24,"column":51},"end":{"line":24,"column":61}}],"line":24}},"s":{"0":1,"1":1,"2":1,"3":0,"4":1,"5":1,"6":1,"7":1,"8":1},"f":{"0":2,"1":1},"b":{"0":[0,1],"1":[1,0],"2":[1,0]},"_coverageSchema":"1a1c01bbd47fc00a2c39e90264f33305004495a9","hash":"1f09f4a56f65760462fae53e658ea3b51516b659"}
,"C:\\Users\\Pedro.PedroM\\mobile\\lit_reactnative\\src\\core\\domain\\value-objects\\Email.ts": {"path":"C:\\Users\\Pedro.PedroM\\mobile\\lit_reactnative\\src\\core\\domain\\value-objects\\Email.ts","statementMap":{"0":{"start":{"line":5,"column":4},"end":{"line":7,"column":5}},"1":{"start":{"line":6,"column":6},"end":{"line":6,"column":39}},"2":{"start":{"line":8,"column":4},"end":{"line":8,"column":28}},"3":{"start":{"line":12,"column":23},"end":{"line":12,"column":58}},"4":{"start":{"line":13,"column":4},"end":{"line":13,"column":34}}},"fnMap":{"0":{"name":"(anonymous_0)","decl":{"start":{"line":2,"column":2},"end":{"line":2,"column":3}},"loc":{"start":{"line":2,"column":46},"end":{"line":2,"column":48}},"line":2},"1":{"name":"(anonymous_1)","decl":{"start":{"line":4,"column":2},"end":{"line":4,"column":3}},"loc":{"start":{"line":4,"column":38},"end":{"line":9,"column":3}},"line":4},"2":{"name":"(anonymous_2)","decl":{"start":{"line":11,"column":2},"end":{"line":11,"column":3}},"loc":{"start":{"line":11,"column":50},"end":{"line":14,"column":3}},"line":11}},"branchMap":{"0":{"loc":{"start":{"line":5,"column":4},"end":{"line":7,"column":5}},"type":"if","locations":[{"start":{"line":5,"column":4},"end":{"line":7,"column":5}},{"start":{},"end":{}}],"line":5}},"s":{"0":29,"1":1,"2":28,"3":29,"4":29},"f":{"0":28,"1":29,"2":29},"b":{"0":[1,28]},"_coverageSchema":"1a1c01bbd47fc00a2c39e90264f33305004495a9","hash":"916a8a85a58e242cc4911ead4fc56fb75aecdf30"}
,"C:\\Users\\Pedro.PedroM\\mobile\\lit_reactnative\\src\\core\\domain\\value-objects\\GeoCoordinates.ts": {"path":"C:\\Users\\Pedro.PedroM\\mobile\\lit_reactnative\\src\\core\\domain\\value-objects\\GeoCoordinates.ts","statementMap":{"0":{"start":{"line":5,"column":4},"end":{"line":7,"column":5}},"1":{"start":{"line":6,"column":6},"end":{"line":6,"column":49}},"2":{"start":{"line":8,"column":4},"end":{"line":8,"column":51}},"3":{"start":{"line":12,"column":4},"end":{"line":12,"column":86}}},"fnMap":{"0":{"name":"(anonymous_0)","decl":{"start":{"line":2,"column":2},"end":{"line":2,"column":3}},"loc":{"start":{"line":2,"column":77},"end":{"line":2,"column":79}},"line":2},"1":{"name":"(anonymous_1)","decl":{"start":{"line":4,"column":2},"end":{"line":4,"column":3}},"loc":{"start":{"line":4,"column":69},"end":{"line":9,"column":3}},"line":4},"2":{"name":"(anonymous_2)","decl":{"start":{"line":11,"column":2},"end":{"line":11,"column":3}},"loc":{"start":{"line":11,"column":72},"end":{"line":13,"column":3}},"line":11}},"branchMap":{"0":{"loc":{"start":{"line":5,"column":4},"end":{"line":7,"column":5}},"type":"if","locations":[{"start":{"line":5,"column":4},"end":{"line":7,"column":5}},{"start":{},"end":{}}],"line":5},"1":{"loc":{"start":{"line":12,"column":11},"end":{"line":12,"column":85}},"type":"binary-expr","locations":[{"start":{"line":12,"column":11},"end":{"line":12,"column":26}},{"start":{"line":12,"column":30},"end":{"line":12,"column":44}},{"start":{"line":12,"column":48},"end":{"line":12,"column":65}},{"start":{"line":12,"column":69},"end":{"line":12,"column":85}}],"line":12}},"s":{"0":20,"1":2,"2":18,"3":20},"f":{"0":18,"1":20,"2":20},"b":{"0":[2,18],"1":[20,20,19,18]},"_coverageSchema":"1a1c01bbd47fc00a2c39e90264f33305004495a9","hash":"0ab473593f37dd19bb9c6c07fba566230aa3b417"}
,"C:\\Users\\Pedro.PedroM\\mobile\\lit_reactnative\\src\\core\\domain\\value-objects\\Name.ts": {"path":"C:\\Users\\Pedro.PedroM\\mobile\\lit_reactnative\\src\\core\\domain\\value-objects\\Name.ts","statementMap":{"0":{"start":{"line":5,"column":4},"end":{"line":7,"column":5}},"1":{"start":{"line":6,"column":6},"end":{"line":6,"column":38}},"2":{"start":{"line":8,"column":4},"end":{"line":8,"column":26}},"3":{"start":{"line":12,"column":4},"end":{"line":12,"column":27}}},"fnMap":{"0":{"name":"(anonymous_0)","decl":{"start":{"line":2,"column":2},"end":{"line":2,"column":3}},"loc":{"start":{"line":2,"column":46},"end":{"line":2,"column":48}},"line":2},"1":{"name":"(anonymous_1)","decl":{"start":{"line":4,"column":2},"end":{"line":4,"column":3}},"loc":{"start":{"line":4,"column":36},"end":{"line":9,"column":3}},"line":4},"2":{"name":"(anonymous_2)","decl":{"start":{"line":11,"column":2},"end":{"line":11,"column":3}},"loc":{"start":{"line":11,"column":49},"end":{"line":13,"column":3}},"line":11}},"branchMap":{"0":{"loc":{"start":{"line":5,"column":4},"end":{"line":7,"column":5}},"type":"if","locations":[{"start":{"line":5,"column":4},"end":{"line":7,"column":5}},{"start":{},"end":{}}],"line":5}},"s":{"0":28,"1":1,"2":27,"3":28},"f":{"0":27,"1":28,"2":28},"b":{"0":[1,27]},"_coverageSchema":"1a1c01bbd47fc00a2c39e90264f33305004495a9","hash":"0a2f0ac00572e8c4200ebe14442cb03afd187d70"}
,"C:\\Users\\Pedro.PedroM\\mobile\\lit_reactnative\\src\\core\\domain\\value-objects\\Password.ts": {"path":"C:\\Users\\Pedro.PedroM\\mobile\\lit_reactnative\\src\\core\\domain\\value-objects\\Password.ts","statementMap":{"0":{"start":{"line":5,"column":4},"end":{"line":7,"column":5}},"1":{"start":{"line":6,"column":6},"end":{"line":6,"column":42}},"2":{"start":{"line":8,"column":4},"end":{"line":8,"column":34}},"3":{"start":{"line":12,"column":4},"end":{"line":12,"column":32}}},"fnMap":{"0":{"name":"(anonymous_0)","decl":{"start":{"line":2,"column":2},"end":{"line":2,"column":3}},"loc":{"start":{"line":2,"column":46},"end":{"line":2,"column":48}},"line":2},"1":{"name":"(anonymous_1)","decl":{"start":{"line":4,"column":2},"end":{"line":4,"column":3}},"loc":{"start":{"line":4,"column":44},"end":{"line":9,"column":3}},"line":4},"2":{"name":"(anonymous_2)","decl":{"start":{"line":11,"column":2},"end":{"line":11,"column":3}},"loc":{"start":{"line":11,"column":53},"end":{"line":13,"column":3}},"line":11}},"branchMap":{"0":{"loc":{"start":{"line":5,"column":4},"end":{"line":7,"column":5}},"type":"if","locations":[{"start":{"line":5,"column":4},"end":{"line":7,"column":5}},{"start":{},"end":{}}],"line":5}},"s":{"0":28,"1":1,"2":27,"3":28},"f":{"0":27,"1":28,"2":28},"b":{"0":[1,27]},"_coverageSchema":"1a1c01bbd47fc00a2c39e90264f33305004495a9","hash":"6dfe5ab72bf20e5c2aa6f046ecfa97b0468eb68c"}
,"C:\\Users\\Pedro.PedroM\\mobile\\lit_reactnative\\src\\core\\domain\\value-objects\\Photo.ts": {"path":"C:\\Users\\Pedro.PedroM\\mobile\\lit_reactnative\\src\\core\\domain\\value-objects\\Photo.ts","statementMap":{"0":{"start":{"line":5,"column":4},"end":{"line":7,"column":5}},"1":{"start":{"line":6,"column":6},"end":{"line":6,"column":43}},"2":{"start":{"line":8,"column":4},"end":{"line":8,"column":26}},"3":{"start":{"line":12,"column":4},"end":{"line":17,"column":5}},"4":{"start":{"line":13,"column":6},"end":{"line":13,"column":19}},"5":{"start":{"line":14,"column":6},"end":{"line":14,"column":18}},"6":{"start":{"line":16,"column":6},"end":{"line":16,"column":19}}},"fnMap":{"0":{"name":"(anonymous_0)","decl":{"start":{"line":2,"column":2},"end":{"line":2,"column":3}},"loc":{"start":{"line":2,"column":44},"end":{"line":2,"column":46}},"line":2},"1":{"name":"(anonymous_1)","decl":{"start":{"line":4,"column":2},"end":{"line":4,"column":3}},"loc":{"start":{"line":4,"column":36},"end":{"line":9,"column":3}},"line":4},"2":{"name":"(anonymous_2)","decl":{"start":{"line":11,"column":2},"end":{"line":11,"column":3}},"loc":{"start":{"line":11,"column":48},"end":{"line":18,"column":3}},"line":11}},"branchMap":{"0":{"loc":{"start":{"line":5,"column":4},"end":{"line":7,"column":5}},"type":"if","locations":[{"start":{"line":5,"column":4},"end":{"line":7,"column":5}},{"start":{},"end":{}}],"line":5}},"s":{"0":2,"1":1,"2":1,"3":2,"4":2,"5":1,"6":1},"f":{"0":1,"1":2,"2":2},"b":{"0":[1,1]},"_coverageSchema":"1a1c01bbd47fc00a2c39e90264f33305004495a9","hash":"c07ba07ef7d52e595327087eacda635ba1f7a1d7"}
,"C:\\Users\\Pedro.PedroM\\mobile\\lit_reactnative\\src\\core\\factories\\makePostUseCases.ts": {"path":"C:\\Users\\Pedro.PedroM\\mobile\\lit_reactnative\\src\\core\\factories\\makePostUseCases.ts","statementMap":{"0":{"start":{"line":12,"column":44},"end":{"line":12,"column":76}},"1":{"start":{"line":14,"column":23},"end":{"line":14,"column":53}},"2":{"start":{"line":15,"column":23},"end":{"line":15,"column":53}},"3":{"start":{"line":16,"column":23},"end":{"line":16,"column":53}},"4":{"start":{"line":17,"column":22},"end":{"line":17,"column":51}},"5":{"start":{"line":18,"column":29},"end":{"line":18,"column":65}},"6":{"start":{"line":19,"column":34},"end":{"line":19,"column":75}},"7":{"start":{"line":21,"column":4},"end":{"line":28,"column":5}}},"fnMap":{"0":{"name":"makePostUseCases","decl":{"start":{"line":11,"column":16},"end":{"line":11,"column":32}},"loc":{"start":{"line":11,"column":34},"end":{"line":30,"column":1}},"line":11}},"branchMap":{},"s":{"0":3,"1":3,"2":3,"3":3,"4":3,"5":3,"6":3,"7":3},"f":{"0":3},"b":{},"_coverageSchema":"1a1c01bbd47fc00a2c39e90264f33305004495a9","hash":"6b6c853885178a75a48575b6f6abfb1e4bf07a08"}
,"C:\\Users\\Pedro.PedroM\\mobile\\lit_reactnative\\src\\core\\factories\\makeUserUseCases.ts": {"path":"C:\\Users\\Pedro.PedroM\\mobile\\lit_reactnative\\src\\core\\factories\\makeUserUseCases.ts","statementMap":{"0":{"start":{"line":13,"column":44},"end":{"line":13,"column":76}},"1":{"start":{"line":15,"column":25},"end":{"line":15,"column":57}},"2":{"start":{"line":16,"column":22},"end":{"line":16,"column":51}},"3":{"start":{"line":17,"column":23},"end":{"line":17,"column":53}},"4":{"start":{"line":18,"column":23},"end":{"line":18,"column":53}},"5":{"start":{"line":19,"column":25},"end":{"line":19,"column":57}},"6":{"start":{"line":20,"column":28},"end":{"line":20,"column":63}},"7":{"start":{"line":21,"column":23},"end":{"line":21,"column":39}},"8":{"start":{"line":23,"column":4},"end":{"line":31,"column":5}}},"fnMap":{"0":{"name":"makeUserUseCases","decl":{"start":{"line":12,"column":16},"end":{"line":12,"column":32}},"loc":{"start":{"line":12,"column":34},"end":{"line":33,"column":1}},"line":12}},"branchMap":{},"s":{"0":2,"1":2,"2":2,"3":2,"4":2,"5":2,"6":2,"7":2,"8":2},"f":{"0":2},"b":{},"_coverageSchema":"1a1c01bbd47fc00a2c39e90264f33305004495a9","hash":"f3134ca7c6a87fd5ada5f518a546ffcf04f84349"}
,"C:\\Users\\Pedro.PedroM\\mobile\\lit_reactnative\\src\\core\\infra\\repositories\\MockPostRepository.ts": {"path":"C:\\Users\\Pedro.PedroM\\mobile\\lit_reactnative\\src\\core\\infra\\repositories\\MockPostRepository.ts","statementMap":{"0":{"start":{"line":8,"column":26},"end":{"line":8,"column":28}},"1":{"start":{"line":13,"column":4},"end":{"line":15,"column":5}},"2":{"start":{"line":14,"column":6},"end":{"line":14,"column":61}},"3":{"start":{"line":16,"column":4},"end":{"line":16,"column":38}},"4":{"start":{"line":20,"column":4},"end":{"line":20,"column":26}},"5":{"start":{"line":24,"column":4},"end":{"line":24,"column":22}},"6":{"start":{"line":28,"column":4},"end":{"line":28,"column":51}},"7":{"start":{"line":28,"column":35},"end":{"line":28,"column":49}},"8":{"start":{"line":32,"column":4},"end":{"line":32,"column":61}},"9":{"start":{"line":32,"column":37},"end":{"line":32,"column":59}},"10":{"start":{"line":36,"column":4},"end":{"line":42,"column":7}},"11":{"start":{"line":37,"column":23},"end":{"line":40,"column":7}},"12":{"start":{"line":41,"column":6},"end":{"line":41,"column":32}},"13":{"start":{"line":47,"column":18},"end":{"line":47,"column":61}},"14":{"start":{"line":47,"column":44},"end":{"line":47,"column":60}},"15":{"start":{"line":48,"column":4},"end":{"line":50,"column":5}},"16":{"start":{"line":49,"column":6},"end":{"line":49,"column":31}},"17":{"start":{"line":54,"column":4},"end":{"line":54,"column":59}},"18":{"start":{"line":54,"column":43},"end":{"line":54,"column":57}},"19":{"start":{"line":58,"column":4},"end":{"line":58,"column":34}}},"fnMap":{"0":{"name":"(anonymous_0)","decl":{"start":{"line":10,"column":2},"end":{"line":10,"column":3}},"loc":{"start":{"line":10,"column":24},"end":{"line":10,"column":27}},"line":10},"1":{"name":"(anonymous_1)","decl":{"start":{"line":12,"column":2},"end":{"line":12,"column":3}},"loc":{"start":{"line":12,"column":50},"end":{"line":17,"column":3}},"line":12},"2":{"name":"(anonymous_2)","decl":{"start":{"line":19,"column":2},"end":{"line":19,"column":3}},"loc":{"start":{"line":19,"column":40},"end":{"line":21,"column":3}},"line":19},"3":{"name":"(anonymous_3)","decl":{"start":{"line":23,"column":2},"end":{"line":23,"column":3}},"loc":{"start":{"line":23,"column":34},"end":{"line":25,"column":3}},"line":23},"4":{"name":"(anonymous_4)","decl":{"start":{"line":27,"column":2},"end":{"line":27,"column":3}},"loc":{"start":{"line":27,"column":56},"end":{"line":29,"column":3}},"line":27},"5":{"name":"(anonymous_5)","decl":{"start":{"line":28,"column":27},"end":{"line":28,"column":28}},"loc":{"start":{"line":28,"column":35},"end":{"line":28,"column":49}},"line":28},"6":{"name":"(anonymous_6)","decl":{"start":{"line":31,"column":2},"end":{"line":31,"column":3}},"loc":{"start":{"line":31,"column":54},"end":{"line":33,"column":3}},"line":31},"7":{"name":"(anonymous_7)","decl":{"start":{"line":32,"column":29},"end":{"line":32,"column":30}},"loc":{"start":{"line":32,"column":37},"end":{"line":32,"column":59}},"line":32},"8":{"name":"(anonymous_8)","decl":{"start":{"line":35,"column":2},"end":{"line":35,"column":3}},"loc":{"start":{"line":35,"column":96},"end":{"line":43,"column":3}},"line":35},"9":{"name":"(anonymous_9)","decl":{"start":{"line":36,"column":29},"end":{"line":36,"column":30}},"loc":{"start":{"line":36,"column":37},"end":{"line":42,"column":5}},"line":36},"10":{"name":"(anonymous_10)","decl":{"start":{"line":46,"column":2},"end":{"line":46,"column":3}},"loc":{"start":{"line":46,"column":42},"end":{"line":51,"column":3}},"line":46},"11":{"name":"(anonymous_11)","decl":{"start":{"line":47,"column":39},"end":{"line":47,"column":40}},"loc":{"start":{"line":47,"column":44},"end":{"line":47,"column":60}},"line":47},"12":{"name":"(anonymous_12)","decl":{"start":{"line":53,"column":2},"end":{"line":53,"column":3}},"loc":{"start":{"line":53,"column":42},"end":{"line":55,"column":3}},"line":53},"13":{"name":"(anonymous_13)","decl":{"start":{"line":54,"column":35},"end":{"line":54,"column":36}},"loc":{"start":{"line":54,"column":43},"end":{"line":54,"column":57}},"line":54},"14":{"name":"(anonymous_14)","decl":{"start":{"line":57,"column":2},"end":{"line":57,"column":3}},"loc":{"start":{"line":57,"column":24},"end":{"line":59,"column":3}},"line":57}},"branchMap":{"0":{"loc":{"start":{"line":13,"column":4},"end":{"line":15,"column":5}},"type":"if","locations":[{"start":{"line":13,"column":4},"end":{"line":15,"column":5}},{"start":{},"end":{}}],"line":13},"1":{"loc":{"start":{"line":48,"column":4},"end":{"line":50,"column":5}},"type":"if","locations":[{"start":{"line":48,"column":4},"end":{"line":50,"column":5}},{"start":{},"end":{}}],"line":48}},"s":{"0":9,"1":16,"2":4,"3":16,"4":20,"5":5,"6":6,"7":4,"8":2,"9":5,"10":2,"11":5,"12":5,"13":2,"14":2,"15":2,"16":2,"17":2,"18":2,"19":6},"f":{"0":9,"1":16,"2":20,"3":5,"4":6,"5":4,"6":2,"7":5,"8":2,"9":5,"10":2,"11":2,"12":2,"13":2,"14":6},"b":{"0":[4,12],"1":[2,0]},"_coverageSchema":"1a1c01bbd47fc00a2c39e90264f33305004495a9","hash":"267fcf3e79b70f6eb5ae19792daea8f820db6e58"}
,"C:\\Users\\Pedro.PedroM\\mobile\\lit_reactnative\\src\\core\\infra\\repositories\\MockUserRepository.ts": {"path":"C:\\Users\\Pedro.PedroM\\mobile\\lit_reactnative\\src\\core\\infra\\repositories\\MockUserRepository.ts","statementMap":{"0":{"start":{"line":10,"column":26},"end":{"line":17,"column":3}},"1":{"start":{"line":20,"column":4},"end":{"line":22,"column":5}},"2":{"start":{"line":21,"column":6},"end":{"line":21,"column":61}},"3":{"start":{"line":23,"column":4},"end":{"line":23,"column":39}},"4":{"start":{"line":27,"column":4},"end":{"line":27,"column":26}},"5":{"start":{"line":31,"column":4},"end":{"line":31,"column":71}},"6":{"start":{"line":31,"column":35},"end":{"line":31,"column":61}},"7":{"start":{"line":35,"column":4},"end":{"line":35,"column":59}},"8":{"start":{"line":35,"column":35},"end":{"line":35,"column":49}},"9":{"start":{"line":39,"column":22},"end":{"line":39,"column":65}},"10":{"start":{"line":39,"column":48},"end":{"line":39,"column":64}},"11":{"start":{"line":40,"column":4},"end":{"line":40,"column":51}},"12":{"start":{"line":41,"column":4},"end":{"line":43,"column":5}},"13":{"start":{"line":42,"column":6},"end":{"line":42,"column":35}},"14":{"start":{"line":47,"column":4},"end":{"line":47,"column":59}},"15":{"start":{"line":47,"column":43},"end":{"line":47,"column":57}},"16":{"start":{"line":51,"column":4},"end":{"line":51,"column":34}}},"fnMap":{"0":{"name":"(anonymous_0)","decl":{"start":{"line":19,"column":2},"end":{"line":19,"column":3}},"loc":{"start":{"line":19,"column":50},"end":{"line":24,"column":3}},"line":19},"1":{"name":"(anonymous_1)","decl":{"start":{"line":26,"column":2},"end":{"line":26,"column":3}},"loc":{"start":{"line":26,"column":40},"end":{"line":28,"column":3}},"line":26},"2":{"name":"(anonymous_2)","decl":{"start":{"line":30,"column":2},"end":{"line":30,"column":3}},"loc":{"start":{"line":30,"column":57},"end":{"line":32,"column":3}},"line":30},"3":{"name":"(anonymous_3)","decl":{"start":{"line":31,"column":27},"end":{"line":31,"column":28}},"loc":{"start":{"line":31,"column":35},"end":{"line":31,"column":61}},"line":31},"4":{"name":"(anonymous_4)","decl":{"start":{"line":34,"column":2},"end":{"line":34,"column":3}},"loc":{"start":{"line":34,"column":51},"end":{"line":36,"column":3}},"line":34},"5":{"name":"(anonymous_5)","decl":{"start":{"line":35,"column":27},"end":{"line":35,"column":28}},"loc":{"start":{"line":35,"column":35},"end":{"line":35,"column":49}},"line":35},"6":{"name":"(anonymous_6)","decl":{"start":{"line":38,"column":2},"end":{"line":38,"column":3}},"loc":{"start":{"line":38,"column":42},"end":{"line":44,"column":3}},"line":38},"7":{"name":"(anonymous_7)","decl":{"start":{"line":39,"column":43},"end":{"line":39,"column":44}},"loc":{"start":{"line":39,"column":48},"end":{"line":39,"column":64}},"line":39},"8":{"name":"(anonymous_8)","decl":{"start":{"line":46,"column":2},"end":{"line":46,"column":3}},"loc":{"start":{"line":46,"column":42},"end":{"line":48,"column":3}},"line":46},"9":{"name":"(anonymous_9)","decl":{"start":{"line":47,"column":35},"end":{"line":47,"column":36}},"loc":{"start":{"line":47,"column":43},"end":{"line":47,"column":57}},"line":47},"10":{"name":"(anonymous_10)","decl":{"start":{"line":50,"column":2},"end":{"line":50,"column":3}},"loc":{"start":{"line":50,"column":24},"end":{"line":52,"column":3}},"line":50}},"branchMap":{"0":{"loc":{"start":{"line":20,"column":4},"end":{"line":22,"column":5}},"type":"if","locations":[{"start":{"line":20,"column":4},"end":{"line":22,"column":5}},{"start":{},"end":{}}],"line":20},"1":{"loc":{"start":{"line":31,"column":11},"end":{"line":31,"column":70}},"type":"binary-expr","locations":[{"start":{"line":31,"column":11},"end":{"line":31,"column":62}},{"start":{"line":31,"column":66},"end":{"line":31,"column":70}}],"line":31},"2":{"loc":{"start":{"line":35,"column":11},"end":{"line":35,"column":58}},"type":"binary-expr","locations":[{"start":{"line":35,"column":11},"end":{"line":35,"column":50}},{"start":{"line":35,"column":54},"end":{"line":35,"column":58}}],"line":35},"3":{"loc":{"start":{"line":41,"column":4},"end":{"line":43,"column":5}},"type":"if","locations":[{"start":{"line":41,"column":4},"end":{"line":43,"column":5}},{"start":{},"end":{}}],"line":41}},"s":{"0":7,"1":12,"2":3,"3":12,"4":9,"5":12,"6":19,"7":5,"8":6,"9":2,"10":3,"11":2,"12":2,"13":2,"14":2,"15":3,"16":5},"f":{"0":12,"1":9,"2":12,"3":19,"4":5,"5":6,"6":2,"7":3,"8":2,"9":3,"10":5},"b":{"0":[3,9],"1":[12,5],"2":[5,1],"3":[2,0]},"_coverageSchema":"1a1c01bbd47fc00a2c39e90264f33305004495a9","hash":"2263ada701f36378be176a7d2353410b1e2037df"}
,"C:\\Users\\Pedro.PedroM\\mobile\\lit_reactnative\\src\\navigations\\BottomMainNavigation.tsx": {"path":"C:\\Users\\Pedro.PedroM\\mobile\\lit_reactnative\\src\\navigations\\BottomMainNavigation.tsx","statementMap":{"0":{"start":{"line":3,"column":61},"end":{"line":3,"column":62}},"1":{"start":{"line":12,"column":12},"end":{"line":18,"column":2}},"2":{"start":{"line":22,"column":4},"end":{"line":43,"column":5}},"3":{"start":{"line":25,"column":31},"end":{"line":25,"column":82}},"4":{"start":{"line":30,"column":51},"end":{"line":30,"column":119}},"5":{"start":{"line":33,"column":51},"end":{"line":33,"column":126}},"6":{"start":{"line":36,"column":51},"end":{"line":36,"column":119}},"7":{"start":{"line":39,"column":60},"end":{"line":39,"column":86}},"8":{"start":{"line":46,"column":15},"end":{"line":60,"column":2}}},"fnMap":{"0":{"name":"BottomMainNavigation","decl":{"start":{"line":21,"column":16},"end":{"line":21,"column":36}},"loc":{"start":{"line":21,"column":62},"end":{"line":44,"column":1}},"line":21},"1":{"name":"(anonymous_1)","decl":{"start":{"line":25,"column":20},"end":{"line":25,"column":21}},"loc":{"start":{"line":25,"column":31},"end":{"line":25,"column":82}},"line":25},"2":{"name":"(anonymous_2)","decl":{"start":{"line":30,"column":28},"end":{"line":30,"column":29}},"loc":{"start":{"line":30,"column":51},"end":{"line":30,"column":119}},"line":30},"3":{"name":"(anonymous_3)","decl":{"start":{"line":33,"column":28},"end":{"line":33,"column":29}},"loc":{"start":{"line":33,"column":51},"end":{"line":33,"column":126}},"line":33},"4":{"name":"(anonymous_4)","decl":{"start":{"line":36,"column":28},"end":{"line":36,"column":29}},"loc":{"start":{"line":36,"column":51},"end":{"line":36,"column":119}},"line":36},"5":{"name":"(anonymous_5)","decl":{"start":{"line":39,"column":54},"end":{"line":39,"column":55}},"loc":{"start":{"line":39,"column":60},"end":{"line":39,"column":86}},"line":39}},"branchMap":{},"s":{"0":1,"1":1,"2":1,"3":5,"4":4,"5":4,"6":4,"7":0,"8":1},"f":{"0":1,"1":5,"2":4,"3":4,"4":4,"5":0},"b":{},"_coverageSchema":"1a1c01bbd47fc00a2c39e90264f33305004495a9","hash":"5b4d41599a4a6d7689dc9b5e4dda41c8f2ed42fa"}
,"C:\\Users\\Pedro.PedroM\\mobile\\lit_reactnative\\src\\navigations\\LoginStackNavigations.tsx": {"path":"C:\\Users\\Pedro.PedroM\\mobile\\lit_reactnative\\src\\navigations\\LoginStackNavigations.tsx","statementMap":{"0":{"start":{"line":7,"column":19},"end":{"line":12,"column":2}},"1":{"start":{"line":22,"column":4},"end":{"line":27,"column":5}}},"fnMap":{"0":{"name":"LoginStackNavigations","decl":{"start":{"line":21,"column":16},"end":{"line":21,"column":37}},"loc":{"start":{"line":21,"column":39},"end":{"line":28,"column":1}},"line":21}},"branchMap":{},"s":{"0":1,"1":2},"f":{"0":2},"b":{},"_coverageSchema":"1a1c01bbd47fc00a2c39e90264f33305004495a9","hash":"b99b32423e134f5e6a303e947d75cb2303b22297"}
,"C:\\Users\\Pedro.PedroM\\mobile\\lit_reactnative\\src\\navigations\\MainStackNavigation.tsx": {"path":"C:\\Users\\Pedro.PedroM\\mobile\\lit_reactnative\\src\\navigations\\MainStackNavigation.tsx","statementMap":{"0":{"start":{"line":18,"column":18},"end":{"line":25,"column":2}},"1":{"start":{"line":34,"column":4},"end":{"line":57,"column":5}}},"fnMap":{"0":{"name":"MainStackNavigation","decl":{"start":{"line":33,"column":16},"end":{"line":33,"column":35}},"loc":{"start":{"line":33,"column":38},"end":{"line":58,"column":1}},"line":33}},"branchMap":{},"s":{"0":1,"1":2},"f":{"0":2},"b":{},"_coverageSchema":"1a1c01bbd47fc00a2c39e90264f33305004495a9","hash":"ddbc78e17dcf318ffd6c4a889d308c655cdba174"}
,"C:\\Users\\Pedro.PedroM\\mobile\\lit_reactnative\\src\\navigations\\index.tsx": {"path":"C:\\Users\\Pedro.PedroM\\mobile\\lit_reactnative\\src\\navigations\\index.tsx","statementMap":{"0":{"start":{"line":8,"column":19},"end":{"line":8,"column":28}},"1":{"start":{"line":10,"column":4},"end":{"line":14,"column":5}}},"fnMap":{"0":{"name":"Navigation","decl":{"start":{"line":7,"column":16},"end":{"line":7,"column":26}},"loc":{"start":{"line":7,"column":28},"end":{"line":15,"column":1}},"line":7}},"branchMap":{"0":{"loc":{"start":{"line":12,"column":14},"end":{"line":12,"column":72}},"type":"cond-expr","locations":[{"start":{"line":12,"column":21},"end":{"line":12,"column":44}},{"start":{"line":12,"column":47},"end":{"line":12,"column":72}}],"line":12}},"s":{"0":4,"1":4},"f":{"0":4},"b":{"0":[2,2]},"_coverageSchema":"1a1c01bbd47fc00a2c39e90264f33305004495a9","hash":"b265ae2cb668907c40007d892468b2be6e432fe8"}
,"C:\\Users\\Pedro.PedroM\\mobile\\lit_reactnative\\src\\screens\\Add\\index.tsx": {"path":"C:\\Users\\Pedro.PedroM\\mobile\\lit_reactnative\\src\\screens\\Add\\index.tsx","statementMap":{"0":{"start":{"line":18,"column":23},"end":{"line":18,"column":41}},"1":{"start":{"line":25,"column":19},"end":{"line":25,"column":28}},"2":{"start":{"line":26,"column":25},"end":{"line":26,"column":48}},"3":{"start":{"line":27,"column":28},"end":{"line":27,"column":54}},"4":{"start":{"line":28,"column":28},"end":{"line":28,"column":57}},"5":{"start":{"line":29,"column":34},"end":{"line":29,"column":80}},"6":{"start":{"line":30,"column":34},"end":{"line":30,"column":63}},"7":{"start":{"line":32,"column":2},"end":{"line":53,"column":9}},"8":{"start":{"line":35,"column":6},"end":{"line":49,"column":7}},"9":{"start":{"line":36,"column":25},"end":{"line":36,"column":75}},"10":{"start":{"line":37,"column":8},"end":{"line":37,"column":27}},"11":{"start":{"line":38,"column":8},"end":{"line":41,"column":9}},"12":{"start":{"line":39,"column":10},"end":{"line":39,"column":66}},"13":{"start":{"line":40,"column":10},"end":{"line":40,"column":17}},"14":{"start":{"line":43,"column":23},"end":{"line":43,"column":65}},"15":{"start":{"line":44,"column":8},"end":{"line":44,"column":29}},"16":{"start":{"line":45,"column":8},"end":{"line":45,"column":30}},"17":{"start":{"line":46,"column":20},"end":{"line":46,"column":71}},"18":{"start":{"line":47,"column":8},"end":{"line":47,"column":27}},"19":{"start":{"line":48,"column":8},"end":{"line":48,"column":33}},"20":{"start":{"line":52,"column":4},"end":{"line":52,"column":25}},"21":{"start":{"line":55,"column":24},"end":{"line":90,"column":3}},"22":{"start":{"line":56,"column":4},"end":{"line":89,"column":5}},"23":{"start":{"line":57,"column":6},"end":{"line":60,"column":7}},"24":{"start":{"line":58,"column":8},"end":{"line":58,"column":44}},"25":{"start":{"line":59,"column":8},"end":{"line":59,"column":15}},"26":{"start":{"line":62,"column":6},"end":{"line":69,"column":9}},"27":{"start":{"line":71,"column":6},"end":{"line":71,"column":25}},"28":{"start":{"line":73,"column":6},"end":{"line":79,"column":9}},"29":{"start":{"line":80,"column":6},"end":{"line":80,"column":26}},"30":{"start":{"line":82,"column":6},"end":{"line":88,"column":9}},"31":{"start":{"line":92,"column":2},"end":{"line":136,"column":4}},"32":{"start":{"line":94,"column":39},"end":{"line":94,"column":58}},"33":{"start":{"line":122,"column":63},"end":{"line":122,"column":142}},"34":{"start":{"line":122,"column":126},"end":{"line":122,"column":139}}},"fnMap":{"0":{"name":"AddScreen","decl":{"start":{"line":24,"column":24},"end":{"line":24,"column":33}},"loc":{"start":{"line":24,"column":61},"end":{"line":137,"column":1}},"line":24},"1":{"name":"(anonymous_1)","decl":{"start":{"line":32,"column":12},"end":{"line":32,"column":13}},"loc":{"start":{"line":32,"column":18},"end":{"line":53,"column":3}},"line":32},"2":{"name":"getCurrentLocation","decl":{"start":{"line":34,"column":19},"end":{"line":34,"column":37}},"loc":{"start":{"line":34,"column":40},"end":{"line":50,"column":3}},"line":34},"3":{"name":"(anonymous_3)","decl":{"start":{"line":55,"column":24},"end":{"line":55,"column":25}},"loc":{"start":{"line":55,"column":36},"end":{"line":90,"column":3}},"line":55},"4":{"name":"(anonymous_4)","decl":{"start":{"line":94,"column":33},"end":{"line":94,"column":34}},"loc":{"start":{"line":94,"column":39},"end":{"line":94,"column":58}},"line":94},"5":{"name":"(anonymous_5)","decl":{"start":{"line":122,"column":57},"end":{"line":122,"column":58}},"loc":{"start":{"line":122,"column":63},"end":{"line":122,"column":142}},"line":122},"6":{"name":"(anonymous_6)","decl":{"start":{"line":122,"column":109},"end":{"line":122,"column":110}},"loc":{"start":{"line":122,"column":126},"end":{"line":122,"column":139}},"line":122}},"branchMap":{"0":{"loc":{"start":{"line":35,"column":6},"end":{"line":49,"column":7}},"type":"if","locations":[{"start":{"line":35,"column":6},"end":{"line":49,"column":7}},{"start":{},"end":{}}],"line":35},"1":{"loc":{"start":{"line":38,"column":8},"end":{"line":41,"column":9}},"type":"if","locations":[{"start":{"line":38,"column":8},"end":{"line":41,"column":9}},{"start":{},"end":{}}],"line":38},"2":{"loc":{"start":{"line":57,"column":6},"end":{"line":60,"column":7}},"type":"if","locations":[{"start":{"line":57,"column":6},"end":{"line":60,"column":7}},{"start":{},"end":{}}],"line":57},"3":{"loc":{"start":{"line":99,"column":7},"end":{"line":108,"column":7}},"type":"binary-expr","locations":[{"start":{"line":99,"column":7},"end":{"line":99,"column":15}},{"start":{"line":100,"column":8},"end":{"line":107,"column":18}}],"line":99},"4":{"loc":{"start":{"line":110,"column":7},"end":{"line":110,"column":90}},"type":"binary-expr","locations":[{"start":{"line":110,"column":7},"end":{"line":110,"column":16}},{"start":{"line":110,"column":20},"end":{"line":110,"column":90}}],"line":110},"5":{"loc":{"start":{"line":112,"column":7},"end":{"line":112,"column":42}},"type":"binary-expr","locations":[{"start":{"line":112,"column":7},"end":{"line":112,"column":15}},{"start":{"line":112,"column":19},"end":{"line":112,"column":42}}],"line":112},"6":{"loc":{"start":{"line":123,"column":9},"end":{"line":130,"column":9}},"type":"cond-expr","locations":[{"start":{"line":124,"column":10},"end":{"line":124,"column":64}},{"start":{"line":126,"column":10},"end":{"line":129,"column":17}}],"line":123}},"s":{"0":1,"1":0,"2":0,"3":0,"4":0,"5":0,"6":0,"7":0,"8":0,"9":0,"10":0,"11":0,"12":0,"13":0,"14":0,"15":0,"16":0,"17":0,"18":0,"19":0,"20":0,"21":0,"22":0,"23":0,"24":0,"25":0,"26":0,"27":0,"28":0,"29":0,"30":0,"31":0,"32":0,"33":0,"34":0},"f":{"0":0,"1":0,"2":0,"3":0,"4":0,"5":0,"6":0},"b":{"0":[0,0],"1":[0,0],"2":[0,0],"3":[0,0],"4":[0,0],"5":[0,0],"6":[0,0]},"_coverageSchema":"1a1c01bbd47fc00a2c39e90264f33305004495a9","hash":"270f8a31d0f228d0c4e4d78968208d11a0b216a3"}
,"C:\\Users\\Pedro.PedroM\\mobile\\lit_reactnative\\src\\screens\\Add\\styles.ts": {"path":"C:\\Users\\Pedro.PedroM\\mobile\\lit_reactnative\\src\\screens\\Add\\styles.ts","statementMap":{"0":{"start":{"line":5,"column":22},"end":{"line":83,"column":2}}},"fnMap":{},"branchMap":{},"s":{"0":1},"f":{},"b":{},"_coverageSchema":"1a1c01bbd47fc00a2c39e90264f33305004495a9","hash":"518fa56f1285d34b89e5761342973413bd110b41"}
,"C:\\Users\\Pedro.PedroM\\mobile\\lit_reactnative\\src\\screens\\Camera\\index.tsx": {"path":"C:\\Users\\Pedro.PedroM\\mobile\\lit_reactnative\\src\\screens\\Camera\\index.tsx","statementMap":{"0":{"start":{"line":14,"column":30},"end":{"line":14,"column":58}},"1":{"start":{"line":15,"column":42},"end":{"line":15,"column":64}},"2":{"start":{"line":16,"column":52},"end":{"line":16,"column":81}},"3":{"start":{"line":17,"column":14},"end":{"line":17,"column":38}},"4":{"start":{"line":18,"column":28},"end":{"line":18,"column":61}},"5":{"start":{"line":20,"column":16},"end":{"line":20,"column":26}},"6":{"start":{"line":21,"column":25},"end":{"line":21,"column":43}},"7":{"start":{"line":23,"column":2},"end":{"line":32,"column":12}},"8":{"start":{"line":25,"column":6},"end":{"line":29,"column":7}},"9":{"start":{"line":26,"column":23},"end":{"line":26,"column":72}},"10":{"start":{"line":27,"column":8},"end":{"line":27,"column":50}},"11":{"start":{"line":31,"column":4},"end":{"line":31,"column":16}},"12":{"start":{"line":34,"column":2},"end":{"line":36,"column":3}},"13":{"start":{"line":35,"column":4},"end":{"line":35,"column":37}},"14":{"start":{"line":38,"column":2},"end":{"line":45,"column":3}},"15":{"start":{"line":39,"column":4},"end":{"line":44,"column":6}},"16":{"start":{"line":48,"column":4},"end":{"line":48,"column":66}},"17":{"start":{"line":48,"column":26},"end":{"line":48,"column":63}},"18":{"start":{"line":52,"column":4},"end":{"line":55,"column":5}},"19":{"start":{"line":53,"column":22},"end":{"line":53,"column":92}},"20":{"start":{"line":54,"column":6},"end":{"line":54,"column":23}},"21":{"start":{"line":59,"column":4},"end":{"line":59,"column":40}},"22":{"start":{"line":60,"column":4},"end":{"line":62,"column":5}},"23":{"start":{"line":61,"column":6},"end":{"line":61,"column":37}},"24":{"start":{"line":63,"column":18},"end":{"line":63,"column":65}},"25":{"start":{"line":64,"column":4},"end":{"line":65,"column":45}},"26":{"start":{"line":66,"column":4},"end":{"line":66,"column":24}},"27":{"start":{"line":67,"column":4},"end":{"line":73,"column":7}},"28":{"start":{"line":76,"column":2},"end":{"line":89,"column":3}},"29":{"start":{"line":77,"column":4},"end":{"line":88,"column":5}},"30":{"start":{"line":80,"column":43},"end":{"line":80,"column":62}},"31":{"start":{"line":91,"column":2},"end":{"line":103,"column":4}}},"fnMap":{"0":{"name":"CameraScreen","decl":{"start":{"line":13,"column":16},"end":{"line":13,"column":28}},"loc":{"start":{"line":13,"column":54},"end":{"line":104,"column":1}},"line":13},"1":{"name":"(anonymous_1)","decl":{"start":{"line":23,"column":12},"end":{"line":23,"column":13}},"loc":{"start":{"line":23,"column":18},"end":{"line":32,"column":3}},"line":23},"2":{"name":"setAspect","decl":{"start":{"line":24,"column":19},"end":{"line":24,"column":28}},"loc":{"start":{"line":24,"column":31},"end":{"line":30,"column":5}},"line":24},"3":{"name":"toggleCameraFacing","decl":{"start":{"line":47,"column":11},"end":{"line":47,"column":29}},"loc":{"start":{"line":47,"column":32},"end":{"line":49,"column":3}},"line":47},"4":{"name":"(anonymous_4)","decl":{"start":{"line":48,"column":14},"end":{"line":48,"column":15}},"loc":{"start":{"line":48,"column":26},"end":{"line":48,"column":63}},"line":48},"5":{"name":"takePicture","decl":{"start":{"line":51,"column":17},"end":{"line":51,"column":28}},"loc":{"start":{"line":51,"column":31},"end":{"line":56,"column":3}},"line":51},"6":{"name":"savePhoto","decl":{"start":{"line":58,"column":17},"end":{"line":58,"column":26}},"loc":{"start":{"line":58,"column":29},"end":{"line":74,"column":3}},"line":58},"7":{"name":"(anonymous_7)","decl":{"start":{"line":80,"column":37},"end":{"line":80,"column":38}},"loc":{"start":{"line":80,"column":43},"end":{"line":80,"column":62}},"line":80}},"branchMap":{"0":{"loc":{"start":{"line":21,"column":25},"end":{"line":21,"column":43}},"type":"binary-expr","locations":[{"start":{"line":21,"column":25},"end":{"line":21,"column":37}},{"start":{"line":21,"column":41},"end":{"line":21,"column":43}}],"line":21},"1":{"loc":{"start":{"line":25,"column":6},"end":{"line":29,"column":7}},"type":"if","locations":[{"start":{"line":25,"column":6},"end":{"line":29,"column":7}},{"start":{},"end":{}}],"line":25},"2":{"loc":{"start":{"line":34,"column":2},"end":{"line":36,"column":3}},"type":"if","locations":[{"start":{"line":34,"column":2},"end":{"line":36,"column":3}},{"start":{},"end":{}}],"line":34},"3":{"loc":{"start":{"line":38,"column":2},"end":{"line":45,"column":3}},"type":"if","locations":[{"start":{"line":38,"column":2},"end":{"line":45,"column":3}},{"start":{},"end":{}}],"line":38},"4":{"loc":{"start":{"line":48,"column":26},"end":{"line":48,"column":63}},"type":"cond-expr","locations":[{"start":{"line":48,"column":47},"end":{"line":48,"column":54}},{"start":{"line":48,"column":57},"end":{"line":48,"column":63}}],"line":48},"5":{"loc":{"start":{"line":52,"column":4},"end":{"line":55,"column":5}},"type":"if","locations":[{"start":{"line":52,"column":4},"end":{"line":55,"column":5}},{"start":{},"end":{}}],"line":52},"6":{"loc":{"start":{"line":60,"column":4},"end":{"line":62,"column":5}},"type":"if","locations":[{"start":{"line":60,"column":4},"end":{"line":62,"column":5}},{"start":{},"end":{}}],"line":60},"7":{"loc":{"start":{"line":65,"column":4},"end":{"line":65,"column":44}},"type":"binary-expr","locations":[{"start":{"line":65,"column":4},"end":{"line":65,"column":16}},{"start":{"line":65,"column":20},"end":{"line":65,"column":44}}],"line":65},"8":{"loc":{"start":{"line":76,"column":2},"end":{"line":89,"column":3}},"type":"if","locations":[{"start":{"line":76,"column":2},"end":{"line":89,"column":3}},{"start":{},"end":{}}],"line":76}},"s":{"0":0,"1":0,"2":0,"3":0,"4":0,"5":0,"6":0,"7":0,"8":0,"9":0,"10":0,"11":0,"12":0,"13":0,"14":0,"15":0,"16":0,"17":0,"18":0,"19":0,"20":0,"21":0,"22":0,"23":0,"24":0,"25":0,"26":0,"27":0,"28":0,"29":0,"30":0,"31":0},"f":{"0":0,"1":0,"2":0,"3":0,"4":0,"5":0,"6":0,"7":0},"b":{"0":[0,0],"1":[0,0],"2":[0,0],"3":[0,0],"4":[0,0],"5":[0,0],"6":[0,0],"7":[0,0],"8":[0,0]},"_coverageSchema":"1a1c01bbd47fc00a2c39e90264f33305004495a9","hash":"35f5a773ac5fbcd52e76a1196971b57ef011dcc7"}
,"C:\\Users\\Pedro.PedroM\\mobile\\lit_reactnative\\src\\screens\\Camera\\styles.ts": {"path":"C:\\Users\\Pedro.PedroM\\mobile\\lit_reactnative\\src\\screens\\Camera\\styles.ts","statementMap":{"0":{"start":{"line":4,"column":22},"end":{"line":46,"column":2}}},"fnMap":{},"branchMap":{},"s":{"0":1},"f":{},"b":{},"_coverageSchema":"1a1c01bbd47fc00a2c39e90264f33305004495a9","hash":"80f0a040d9e3d91865512857d6e41b8a9244a384"}
,"C:\\Users\\Pedro.PedroM\\mobile\\lit_reactnative\\src\\screens\\EditProfile\\index.tsx": {"path":"C:\\Users\\Pedro.PedroM\\mobile\\lit_reactnative\\src\\screens\\EditProfile\\index.tsx","statementMap":{"0":{"start":{"line":15,"column":49},"end":{"line":15,"column":58}},"1":{"start":{"line":16,"column":28},"end":{"line":16,"column":40}},"2":{"start":{"line":17,"column":30},"end":{"line":17,"column":42}},"3":{"start":{"line":18,"column":36},"end":{"line":18,"column":48}},"4":{"start":{"line":19,"column":50},"end":{"line":19,"column":62}},"5":{"start":{"line":21,"column":4},"end":{"line":27,"column":15}},"6":{"start":{"line":22,"column":8},"end":{"line":22,"column":25}},"7":{"start":{"line":23,"column":8},"end":{"line":26,"column":9}},"8":{"start":{"line":24,"column":12},"end":{"line":24,"column":37}},"9":{"start":{"line":25,"column":12},"end":{"line":25,"column":39}},"10":{"start":{"line":29,"column":25},"end":{"line":53,"column":5}},"11":{"start":{"line":30,"column":8},"end":{"line":52,"column":9}},"12":{"start":{"line":31,"column":12},"end":{"line":35,"column":15}},"13":{"start":{"line":36,"column":12},"end":{"line":42,"column":15}},"14":{"start":{"line":43,"column":12},"end":{"line":43,"column":32}},"15":{"start":{"line":45,"column":12},"end":{"line":51,"column":15}},"16":{"start":{"line":55,"column":25},"end":{"line":62,"column":5}},"17":{"start":{"line":56,"column":8},"end":{"line":61,"column":9}},"18":{"start":{"line":57,"column":12},"end":{"line":57,"column":39}},"19":{"start":{"line":58,"column":12},"end":{"line":58,"column":21}},"20":{"start":{"line":60,"column":12},"end":{"line":60,"column":33}},"21":{"start":{"line":64,"column":4},"end":{"line":82,"column":6}}},"fnMap":{"0":{"name":"EditProfileScreen","decl":{"start":{"line":14,"column":16},"end":{"line":14,"column":33}},"loc":{"start":{"line":14,"column":61},"end":{"line":83,"column":1}},"line":14},"1":{"name":"(anonymous_1)","decl":{"start":{"line":21,"column":14},"end":{"line":21,"column":15}},"loc":{"start":{"line":21,"column":20},"end":{"line":27,"column":5}},"line":21},"2":{"name":"(anonymous_2)","decl":{"start":{"line":29,"column":25},"end":{"line":29,"column":26}},"loc":{"start":{"line":29,"column":37},"end":{"line":53,"column":5}},"line":29},"3":{"name":"(anonymous_3)","decl":{"start":{"line":55,"column":25},"end":{"line":55,"column":26}},"loc":{"start":{"line":55,"column":37},"end":{"line":62,"column":5}},"line":55}},"branchMap":{"0":{"loc":{"start":{"line":23,"column":8},"end":{"line":26,"column":9}},"type":"if","locations":[{"start":{"line":23,"column":8},"end":{"line":26,"column":9}},{"start":{},"end":{}}],"line":23}},"s":{"0":5,"1":5,"2":5,"3":5,"4":5,"5":5,"6":2,"7":2,"8":2,"9":2,"10":5,"11":1,"12":1,"13":1,"14":1,"15":0,"16":5,"17":1,"18":1,"19":1,"20":0,"21":5},"f":{"0":5,"1":2,"2":1,"3":1},"b":{"0":[2,0]},"_coverageSchema":"1a1c01bbd47fc00a2c39e90264f33305004495a9","hash":"464355104a2d00324061bebc75e8c4c312d9a7c9"}
,"C:\\Users\\Pedro.PedroM\\mobile\\lit_reactnative\\src\\screens\\EditProfile\\styles.ts": {"path":"C:\\Users\\Pedro.PedroM\\mobile\\lit_reactnative\\src\\screens\\EditProfile\\styles.ts","statementMap":{"0":{"start":{"line":4,"column":22},"end":{"line":51,"column":2}}},"fnMap":{},"branchMap":{},"s":{"0":1},"f":{},"b":{},"_coverageSchema":"1a1c01bbd47fc00a2c39e90264f33305004495a9","hash":"5eb511ac2126f2ce863fb682d814d4f579237178"}
,"C:\\Users\\Pedro.PedroM\\mobile\\lit_reactnative\\src\\screens\\Explorar\\index.tsx": {"path":"C:\\Users\\Pedro.PedroM\\mobile\\lit_reactnative\\src\\screens\\Explorar\\index.tsx","statementMap":{"0":{"start":{"line":5,"column":4},"end":{"line":7,"column":12}}},"fnMap":{"0":{"name":"ExplorarScreen","decl":{"start":{"line":4,"column":16},"end":{"line":4,"column":30}},"loc":{"start":{"line":4,"column":33},"end":{"line":8,"column":1}},"line":4}},"branchMap":{},"s":{"0":0},"f":{"0":0},"b":{},"_coverageSchema":"1a1c01bbd47fc00a2c39e90264f33305004495a9","hash":"3da1ac3e8ef997c43ba087170722ab2fda2d7381"}
,"C:\\Users\\Pedro.PedroM\\mobile\\lit_reactnative\\src\\screens\\Explorar\\styles.ts": {"path":"C:\\Users\\Pedro.PedroM\\mobile\\lit_reactnative\\src\\screens\\Explorar\\styles.ts","statementMap":{"0":{"start":{"line":4,"column":22},"end":{"line":11,"column":2}}},"fnMap":{},"branchMap":{},"s":{"0":1},"f":{},"b":{},"_coverageSchema":"1a1c01bbd47fc00a2c39e90264f33305004495a9","hash":"1bb490d9229f81f43b910f404bca49b7781b4152"}
,"C:\\Users\\Pedro.PedroM\\mobile\\lit_reactnative\\src\\screens\\Home\\index.tsx": {"path":"C:\\Users\\Pedro.PedroM\\mobile\\lit_reactnative\\src\\screens\\Home\\index.tsx","statementMap":{"0":{"start":{"line":11,"column":34},"end":{"line":11,"column":43}},"1":{"start":{"line":12,"column":40},"end":{"line":12,"column":55}},"2":{"start":{"line":14,"column":22},"end":{"line":17,"column":10}},"3":{"start":{"line":15,"column":8},"end":{"line":15,"column":28}},"4":{"start":{"line":16,"column":8},"end":{"line":16,"column":57}},"5":{"start":{"line":16,"column":35},"end":{"line":16,"column":55}},"6":{"start":{"line":19,"column":4},"end":{"line":21,"column":11}},"7":{"start":{"line":20,"column":8},"end":{"line":20,"column":21}},"8":{"start":{"line":23,"column":4},"end":{"line":40,"column":12}},"9":{"start":{"line":30,"column":36},"end":{"line":30,"column":54}},"10":{"start":{"line":32,"column":16},"end":{"line":32,"column":44}},"11":{"start":{"line":35,"column":16},"end":{"line":37,"column":23}}},"fnMap":{"0":{"name":"HomeScreen","decl":{"start":{"line":10,"column":16},"end":{"line":10,"column":26}},"loc":{"start":{"line":10,"column":54},"end":{"line":41,"column":1}},"line":10},"1":{"name":"(anonymous_1)","decl":{"start":{"line":14,"column":34},"end":{"line":14,"column":35}},"loc":{"start":{"line":14,"column":40},"end":{"line":17,"column":5}},"line":14},"2":{"name":"(anonymous_2)","decl":{"start":{"line":16,"column":29},"end":{"line":16,"column":30}},"loc":{"start":{"line":16,"column":35},"end":{"line":16,"column":55}},"line":16},"3":{"name":"(anonymous_3)","decl":{"start":{"line":19,"column":14},"end":{"line":19,"column":15}},"loc":{"start":{"line":19,"column":20},"end":{"line":21,"column":5}},"line":19},"4":{"name":"(anonymous_4)","decl":{"start":{"line":30,"column":26},"end":{"line":30,"column":27}},"loc":{"start":{"line":30,"column":36},"end":{"line":30,"column":54}},"line":30},"5":{"name":"(anonymous_5)","decl":{"start":{"line":31,"column":24},"end":{"line":31,"column":25}},"loc":{"start":{"line":32,"column":16},"end":{"line":32,"column":44}},"line":32},"6":{"name":"(anonymous_6)","decl":{"start":{"line":34,"column":32},"end":{"line":34,"column":33}},"loc":{"start":{"line":35,"column":16},"end":{"line":37,"column":23}},"line":35}},"branchMap":{},"s":{"0":2,"1":2,"2":2,"3":0,"4":0,"5":0,"6":2,"7":1,"8":2,"9":0,"10":0,"11":2},"f":{"0":2,"1":0,"2":0,"3":1,"4":0,"5":0,"6":2},"b":{},"_coverageSchema":"1a1c01bbd47fc00a2c39e90264f33305004495a9","hash":"cc60cd1120ec45b281b00aabc7d7edbdcfc729d1"}
,"C:\\Users\\Pedro.PedroM\\mobile\\lit_reactnative\\src\\screens\\Home\\styles.ts": {"path":"C:\\Users\\Pedro.PedroM\\mobile\\lit_reactnative\\src\\screens\\Home\\styles.ts","statementMap":{"0":{"start":{"line":4,"column":22},"end":{"line":15,"column":2}}},"fnMap":{},"branchMap":{},"s":{"0":1},"f":{},"b":{},"_coverageSchema":"1a1c01bbd47fc00a2c39e90264f33305004495a9","hash":"ecf737841358ff76450cdf119a2edb950ba004f4"}
,"C:\\Users\\Pedro.PedroM\\mobile\\lit_reactnative\\src\\screens\\Login\\index.tsx": {"path":"C:\\Users\\Pedro.PedroM\\mobile\\lit_reactnative\\src\\screens\\Login\\index.tsx","statementMap":{"0":{"start":{"line":13,"column":22},"end":{"line":13,"column":31}},"1":{"start":{"line":14,"column":30},"end":{"line":14,"column":42}},"2":{"start":{"line":15,"column":36},"end":{"line":15,"column":48}},"3":{"start":{"line":17,"column":24},"end":{"line":25,"column":5}},"4":{"start":{"line":18,"column":8},"end":{"line":24,"column":9}},"5":{"start":{"line":19,"column":28},"end":{"line":19,"column":47}},"6":{"start":{"line":20,"column":31},"end":{"line":20,"column":56}},"7":{"start":{"line":21,"column":12},"end":{"line":21,"column":57}},"8":{"start":{"line":23,"column":12},"end":{"line":23,"column":33}},"9":{"start":{"line":27,"column":4},"end":{"line":54,"column":12}},"10":{"start":{"line":51,"column":41},"end":{"line":51,"column":72}}},"fnMap":{"0":{"name":"LoginScreen","decl":{"start":{"line":12,"column":16},"end":{"line":12,"column":27}},"loc":{"start":{"line":12,"column":56},"end":{"line":55,"column":1}},"line":12},"1":{"name":"(anonymous_1)","decl":{"start":{"line":17,"column":24},"end":{"line":17,"column":25}},"loc":{"start":{"line":17,"column":36},"end":{"line":25,"column":5}},"line":17},"2":{"name":"(anonymous_2)","decl":{"start":{"line":51,"column":35},"end":{"line":51,"column":36}},"loc":{"start":{"line":51,"column":41},"end":{"line":51,"column":72}},"line":51}},"branchMap":{},"s":{"0":4,"1":4,"2":4,"3":4,"4":1,"5":1,"6":1,"7":1,"8":0,"9":4,"10":1},"f":{"0":4,"1":1,"2":1},"b":{},"_coverageSchema":"1a1c01bbd47fc00a2c39e90264f33305004495a9","hash":"fec75b10df673054fb011ba503deb8a582f3e7d7"}
,"C:\\Users\\Pedro.PedroM\\mobile\\lit_reactnative\\src\\screens\\Login\\styles.ts": {"path":"C:\\Users\\Pedro.PedroM\\mobile\\lit_reactnative\\src\\screens\\Login\\styles.ts","statementMap":{"0":{"start":{"line":4,"column":22},"end":{"line":44,"column":2}}},"fnMap":{},"branchMap":{},"s":{"0":1},"f":{},"b":{},"_coverageSchema":"1a1c01bbd47fc00a2c39e90264f33305004495a9","hash":"dd3fb9c84fec9aaddcb4a31eaedac07ac5d32052"}
,"C:\\Users\\Pedro.PedroM\\mobile\\lit_reactnative\\src\\screens\\Perfil\\index.tsx": {"path":"C:\\Users\\Pedro.PedroM\\mobile\\lit_reactnative\\src\\screens\\Perfil\\index.tsx","statementMap":{"0":{"start":{"line":12,"column":29},"end":{"line":12,"column":38}},"1":{"start":{"line":13,"column":34},"end":{"line":13,"column":57}},"2":{"start":{"line":15,"column":4},"end":{"line":19,"column":6}},"3":{"start":{"line":17,"column":12},"end":{"line":17,"column":25}},"4":{"start":{"line":21,"column":22},"end":{"line":21,"column":98}},"5":{"start":{"line":21,"column":36},"end":{"line":21,"column":82}},"6":{"start":{"line":21,"column":57},"end":{"line":21,"column":81}},"7":{"start":{"line":23,"column":4},"end":{"line":55,"column":6}},"8":{"start":{"line":29,"column":77},"end":{"line":29,"column":111}},"9":{"start":{"line":41,"column":38},"end":{"line":41,"column":45}},"10":{"start":{"line":43,"column":20},"end":{"line":50,"column":27}}},"fnMap":{"0":{"name":"PerfilScreen","decl":{"start":{"line":11,"column":16},"end":{"line":11,"column":28}},"loc":{"start":{"line":11,"column":56},"end":{"line":56,"column":1}},"line":11},"1":{"name":"(anonymous_1)","decl":{"start":{"line":16,"column":20},"end":{"line":16,"column":21}},"loc":{"start":{"line":16,"column":26},"end":{"line":18,"column":9}},"line":16},"2":{"name":"(anonymous_2)","decl":{"start":{"line":21,"column":30},"end":{"line":21,"column":31}},"loc":{"start":{"line":21,"column":36},"end":{"line":21,"column":82}},"line":21},"3":{"name":"(anonymous_3)","decl":{"start":{"line":21,"column":49},"end":{"line":21,"column":50}},"loc":{"start":{"line":21,"column":57},"end":{"line":21,"column":81}},"line":21},"4":{"name":"(anonymous_4)","decl":{"start":{"line":29,"column":71},"end":{"line":29,"column":72}},"loc":{"start":{"line":29,"column":77},"end":{"line":29,"column":111}},"line":29},"5":{"name":"(anonymous_5)","decl":{"start":{"line":41,"column":30},"end":{"line":41,"column":31}},"loc":{"start":{"line":41,"column":38},"end":{"line":41,"column":45}},"line":41},"6":{"name":"(anonymous_6)","decl":{"start":{"line":42,"column":28},"end":{"line":42,"column":29}},"loc":{"start":{"line":43,"column":20},"end":{"line":50,"column":27}},"line":43}},"branchMap":{},"s":{"0":2,"1":2,"2":2,"3":2,"4":2,"5":2,"6":0,"7":2,"8":2,"9":0,"10":0},"f":{"0":2,"1":2,"2":2,"3":0,"4":2,"5":0,"6":0},"b":{},"_coverageSchema":"1a1c01bbd47fc00a2c39e90264f33305004495a9","hash":"08bc9fe69403993800b4319e3c0d196ccf91e998"}
,"C:\\Users\\Pedro.PedroM\\mobile\\lit_reactnative\\src\\screens\\Perfil\\styles.ts": {"path":"C:\\Users\\Pedro.PedroM\\mobile\\lit_reactnative\\src\\screens\\Perfil\\styles.ts","statementMap":{"0":{"start":{"line":4,"column":22},"end":{"line":105,"column":2}}},"fnMap":{},"branchMap":{},"s":{"0":1},"f":{},"b":{},"_coverageSchema":"1a1c01bbd47fc00a2c39e90264f33305004495a9","hash":"d3cdb3b47ed09b6df49d9a6ece8570ab138e53db"}
,"C:\\Users\\Pedro.PedroM\\mobile\\lit_reactnative\\src\\screens\\Register\\index.tsx": {"path":"C:\\Users\\Pedro.PedroM\\mobile\\lit_reactnative\\src\\screens\\Register\\index.tsx","statementMap":{"0":{"start":{"line":14,"column":25},"end":{"line":14,"column":34}},"1":{"start":{"line":15,"column":28},"end":{"line":15,"column":40}},"2":{"start":{"line":16,"column":36},"end":{"line":16,"column":48}},"3":{"start":{"line":17,"column":30},"end":{"line":17,"column":42}},"4":{"start":{"line":18,"column":36},"end":{"line":18,"column":48}},"5":{"start":{"line":19,"column":50},"end":{"line":19,"column":62}},"6":{"start":{"line":21,"column":27},"end":{"line":49,"column":5}},"7":{"start":{"line":22,"column":8},"end":{"line":48,"column":9}},"8":{"start":{"line":23,"column":12},"end":{"line":25,"column":13}},"9":{"start":{"line":24,"column":16},"end":{"line":24,"column":58}},"10":{"start":{"line":27,"column":27},"end":{"line":27,"column":44}},"11":{"start":{"line":28,"column":28},"end":{"line":28,"column":47}},"12":{"start":{"line":29,"column":31},"end":{"line":29,"column":56}},"13":{"start":{"line":31,"column":12},"end":{"line":31,"column":99}},"14":{"start":{"line":32,"column":12},"end":{"line":38,"column":15}},"15":{"start":{"line":39,"column":12},"end":{"line":39,"column":29}},"16":{"start":{"line":41,"column":12},"end":{"line":47,"column":15}},"17":{"start":{"line":51,"column":4},"end":{"line":72,"column":12}},"18":{"start":{"line":69,"column":41},"end":{"line":69,"column":57}}},"fnMap":{"0":{"name":"RegisterScreen","decl":{"start":{"line":13,"column":16},"end":{"line":13,"column":30}},"loc":{"start":{"line":13,"column":59},"end":{"line":73,"column":1}},"line":13},"1":{"name":"(anonymous_1)","decl":{"start":{"line":21,"column":27},"end":{"line":21,"column":28}},"loc":{"start":{"line":21,"column":39},"end":{"line":49,"column":5}},"line":21},"2":{"name":"(anonymous_2)","decl":{"start":{"line":69,"column":35},"end":{"line":69,"column":36}},"loc":{"start":{"line":69,"column":41},"end":{"line":69,"column":57}},"line":69}},"branchMap":{"0":{"loc":{"start":{"line":23,"column":12},"end":{"line":25,"column":13}},"type":"if","locations":[{"start":{"line":23,"column":12},"end":{"line":25,"column":13}},{"start":{},"end":{}}],"line":23}},"s":{"0":6,"1":6,"2":6,"3":6,"4":6,"5":6,"6":6,"7":1,"8":1,"9":0,"10":1,"11":1,"12":1,"13":1,"14":1,"15":1,"16":0,"17":6,"18":0},"f":{"0":6,"1":1,"2":0},"b":{"0":[0,1]},"_coverageSchema":"1a1c01bbd47fc00a2c39e90264f33305004495a9","hash":"cd20a89ca6e851b825046562b2ff01fab02c213a"}
,"C:\\Users\\Pedro.PedroM\\mobile\\lit_reactnative\\src\\screens\\Register\\styles.ts": {"path":"C:\\Users\\Pedro.PedroM\\mobile\\lit_reactnative\\src\\screens\\Register\\styles.ts","statementMap":{"0":{"start":{"line":4,"column":22},"end":{"line":57,"column":2}}},"fnMap":{},"branchMap":{},"s":{"0":1},"f":{},"b":{},"_coverageSchema":"1a1c01bbd47fc00a2c39e90264f33305004495a9","hash":"6c2204bf99ad563cadc0e87640adb36c9cbb4461"}
,"C:\\Users\\Pedro.PedroM\\mobile\\lit_reactnative\\src\\styles\\colors.ts": {"path":"C:\\Users\\Pedro.PedroM\\mobile\\lit_reactnative\\src\\styles\\colors.ts","statementMap":{"0":{"start":{"line":2,"column":20},"end":{"line":12,"column":1}}},"fnMap":{},"branchMap":{},"s":{"0":1},"f":{},"b":{},"_coverageSchema":"1a1c01bbd47fc00a2c39e90264f33305004495a9","hash":"14ac8e17c731dc2e4e92036bad1ba06fb7f99f1e"}
}
