TN:
SF:src\components\Appbar\index.tsx
FN:17,CustomHeader
FN:25,(anonymous_1)
FNF:2
FNH:1
FNDA:3,CustomHeader
FNDA:0,(anonymous_1)
DA:19,3
DA:25,0
LF:2
LH:1
BRDA:25,0,0,3
BRDA:25,0,1,1
BRF:2
BRH:2
end_of_record
TN:
SF:src\components\PostHomeCard\index.tsx
FN:6,PostHomeCard
FNF:1
FNH:0
FNDA:0,PostHomeCard
DA:7,0
LF:1
LH:0
BRF:0
BRH:0
end_of_record
TN:
SF:src\components\PostHomeCard\styles.ts
FNF:0
FNH:0
DA:4,1
LF:1
LH:1
BRF:0
BRH:0
end_of_record
TN:
SF:src\context\auth.tsx
FN:21,(anonymous_0)
FN:24,(anonymous_1)
FN:29,(anonymous_2)
FN:33,(anonymous_3)
FN:38,(anonymous_4)
FN:43,(anonymous_5)
FN:55,useAuth
FNF:7
FNH:7
FNDA:4,(anonymous_0)
FNDA:1,(anonymous_1)
FNDA:1,(anonymous_2)
FNDA:1,(anonymous_3)
FNDA:1,(anonymous_4)
FNDA:1,(anonymous_5)
FNDA:21,useAuth
DA:5,1
DA:15,1
DA:21,1
DA:22,4
DA:24,4
DA:25,1
DA:26,1
DA:29,4
DA:30,1
DA:33,4
DA:34,1
DA:35,1
DA:38,4
DA:39,1
DA:40,1
DA:43,4
DA:44,1
DA:45,1
DA:48,4
DA:56,21
DA:57,21
DA:58,0
DA:60,21
LF:23
LH:22
BRDA:57,0,0,0
BRDA:57,0,1,21
BRF:2
BRH:1
end_of_record
TN:
SF:src\context\post.tsx
FN:14,(anonymous_0)
FN:17,(anonymous_1)
FN:30,usePost
FNF:3
FNH:3
FNDA:2,(anonymous_0)
FNDA:3,(anonymous_1)
FNDA:2,usePost
DA:5,1
DA:12,1
DA:14,1
DA:15,2
DA:17,2
DA:18,3
DA:19,3
DA:20,3
DA:23,2
DA:31,2
DA:32,2
DA:33,0
DA:35,2
LF:13
LH:12
BRDA:32,0,0,0
BRDA:32,0,1,2
BRF:2
BRH:1
end_of_record
TN:
SF:src\core\domain\entities\Post.ts
FN:4,(anonymous_0)
FN:16,(anonymous_1)
FNF:2
FNH:2
FNDA:26,(anonymous_0)
FNDA:26,(anonymous_1)
DA:26,26
LF:1
LH:1
BRDA:13,0,0,26
BRDA:21,1,0,0
BRF:2
BRH:1
end_of_record
TN:
SF:src\core\domain\entities\User.ts
FN:7,(anonymous_0)
FN:14,(anonymous_1)
FNF:2
FNH:2
FNDA:25,(anonymous_0)
FNDA:25,(anonymous_1)
DA:20,25
LF:1
LH:1
BRF:0
BRH:0
end_of_record
TN:
SF:src\core\domain\use-cases\post\CreatePost.ts
FN:7,(anonymous_0)
FN:9,(anonymous_1)
FNF:2
FNH:2
FNDA:4,(anonymous_0)
FNDA:1,(anonymous_1)
DA:17,1
DA:19,1
DA:30,1
DA:31,1
LF:4
LH:4
BRF:0
BRH:0
end_of_record
TN:
SF:src\core\domain\use-cases\post\DeletePost.ts
FN:5,(anonymous_0)
FN:7,(anonymous_1)
FNF:2
FNH:2
FNDA:4,(anonymous_0)
FNDA:1,(anonymous_1)
DA:8,1
LF:1
LH:1
BRF:0
BRH:0
end_of_record
TN:
SF:src\core\domain\use-cases\post\FindPostByGeolocation.ts
FN:5,(anonymous_0)
FN:7,(anonymous_1)
FNF:2
FNH:2
FNDA:4,(anonymous_0)
FNDA:1,(anonymous_1)
DA:8,1
LF:1
LH:1
BRF:0
BRH:0
end_of_record
TN:
SF:src\core\domain\use-cases\post\FindPostByUserId.ts
FN:5,(anonymous_0)
FN:7,(anonymous_1)
FNF:2
FNH:2
FNDA:4,(anonymous_0)
FNDA:1,(anonymous_1)
DA:8,1
LF:1
LH:1
BRF:0
BRH:0
end_of_record
TN:
SF:src\core\domain\use-cases\post\FindPosts.ts
FN:6,(anonymous_0)
FN:8,(anonymous_1)
FNF:2
FNH:2
FNDA:4,(anonymous_0)
FNDA:4,(anonymous_1)
DA:9,4
LF:1
LH:1
BRF:0
BRH:0
end_of_record
TN:
SF:src\core\domain\use-cases\post\UpdatePost.ts
FN:6,(anonymous_0)
FN:8,(anonymous_1)
FNF:2
FNH:2
FNDA:4,(anonymous_0)
FNDA:1,(anonymous_1)
DA:18,1
DA:20,1
DA:31,1
LF:3
LH:3
BRF:0
BRH:0
end_of_record
TN:
SF:src\core\domain\use-cases\user\DeleteUser.ts
FN:4,(anonymous_0)
FN:6,(anonymous_1)
FNF:2
FNH:2
FNDA:2,(anonymous_0)
FNDA:1,(anonymous_1)
DA:7,1
DA:9,1
DA:11,1
DA:12,0
DA:15,1
LF:5
LH:4
BRDA:11,0,0,0
BRDA:11,0,1,1
BRF:2
BRH:1
end_of_record
TN:
SF:src\core\domain\use-cases\user\FindUserByEmail.ts
FN:5,(anonymous_0)
FN:7,(anonymous_1)
FNF:2
FNH:2
FNDA:3,(anonymous_0)
FNDA:2,(anonymous_1)
DA:8,2
LF:1
LH:1
BRF:0
BRH:0
end_of_record
TN:
SF:src\core\domain\use-cases\user\FindUserById.ts
FN:5,(anonymous_0)
FN:7,(anonymous_1)
FNF:2
FNH:1
FNDA:2,(anonymous_0)
FNDA:0,(anonymous_1)
DA:8,0
LF:1
LH:0
BRF:0
BRH:0
end_of_record
TN:
SF:src\core\domain\use-cases\user\LoginUser.ts
FN:6,(anonymous_0)
FN:8,(anonymous_1)
FN:32,(anonymous_2)
FNF:3
FNH:3
FNDA:3,(anonymous_0)
FNDA:4,(anonymous_1)
FNDA:3,(anonymous_2)
DA:12,4
DA:14,4
DA:16,4
DA:17,1
DA:20,3
DA:25,3
DA:26,1
DA:29,2
DA:36,3
LF:9
LH:9
BRDA:16,0,0,1
BRDA:16,0,1,3
BRDA:25,1,0,1
BRDA:25,1,1,2
BRF:4
BRH:4
end_of_record
TN:
SF:src\core\domain\use-cases\user\LogoutUser.ts
FN:2,(anonymous_0)
FN:4,(anonymous_1)
FNF:2
FNH:2
FNDA:2,(anonymous_0)
FNDA:1,(anonymous_1)
DA:7,1
LF:1
LH:1
BRF:0
BRH:0
end_of_record
TN:
SF:src\core\domain\use-cases\user\RegisterUser.ts
FN:9,(anonymous_0)
FN:11,(anonymous_1)
FN:38,(anonymous_2)
FNF:3
FNH:3
FNDA:4,(anonymous_0)
FNDA:3,(anonymous_1)
FNDA:2,(anonymous_2)
DA:16,3
DA:18,3
DA:20,3
DA:21,1
DA:24,2
DA:26,2
DA:33,2
DA:35,2
DA:39,2
LF:9
LH:9
BRDA:20,0,0,1
BRDA:20,0,1,2
BRF:2
BRH:2
end_of_record
TN:
SF:src\core\domain\use-cases\user\UpdateUser.ts
FN:8,(anonymous_0)
FN:10,(anonymous_1)
FNF:2
FNH:2
FNDA:2,(anonymous_0)
FNDA:1,(anonymous_1)
DA:15,1
DA:17,1
DA:19,1
DA:20,0
DA:23,1
DA:24,1
DA:26,1
DA:33,1
DA:35,1
LF:9
LH:8
BRDA:19,0,0,0
BRDA:19,0,1,1
BRDA:23,1,0,1
BRDA:23,1,1,0
BRDA:24,2,0,1
BRDA:24,2,1,0
BRF:6
BRH:3
end_of_record
TN:
SF:src\core\domain\value-objects\Email.ts
FN:2,(anonymous_0)
FN:4,(anonymous_1)
FN:11,(anonymous_2)
FNF:3
FNH:3
FNDA:28,(anonymous_0)
FNDA:29,(anonymous_1)
FNDA:29,(anonymous_2)
DA:5,29
DA:6,1
DA:8,28
DA:12,29
DA:13,29
LF:5
LH:5
BRDA:5,0,0,1
BRDA:5,0,1,28
BRF:2
BRH:2
end_of_record
TN:
SF:src\core\domain\value-objects\GeoCoordinates.ts
FN:2,(anonymous_0)
FN:4,(anonymous_1)
FN:11,(anonymous_2)
FNF:3
FNH:3
FNDA:18,(anonymous_0)
FNDA:20,(anonymous_1)
FNDA:20,(anonymous_2)
DA:5,20
DA:6,2
DA:8,18
DA:12,20
LF:4
LH:4
BRDA:5,0,0,2
BRDA:5,0,1,18
BRDA:12,1,0,20
BRDA:12,1,1,20
BRDA:12,1,2,19
BRDA:12,1,3,18
BRF:6
BRH:6
end_of_record
TN:
SF:src\core\domain\value-objects\Name.ts
FN:2,(anonymous_0)
FN:4,(anonymous_1)
FN:11,(anonymous_2)
FNF:3
FNH:3
FNDA:27,(anonymous_0)
FNDA:28,(anonymous_1)
FNDA:28,(anonymous_2)
DA:5,28
DA:6,1
DA:8,27
DA:12,28
LF:4
LH:4
BRDA:5,0,0,1
BRDA:5,0,1,27
BRF:2
BRH:2
end_of_record
TN:
SF:src\core\domain\value-objects\Password.ts
FN:2,(anonymous_0)
FN:4,(anonymous_1)
FN:11,(anonymous_2)
FNF:3
FNH:3
FNDA:27,(anonymous_0)
FNDA:28,(anonymous_1)
FNDA:28,(anonymous_2)
DA:5,28
DA:6,1
DA:8,27
DA:12,28
LF:4
LH:4
BRDA:5,0,0,1
BRDA:5,0,1,27
BRF:2
BRH:2
end_of_record
TN:
SF:src\core\domain\value-objects\Photo.ts
FN:2,(anonymous_0)
FN:4,(anonymous_1)
FN:11,(anonymous_2)
FNF:3
FNH:3
FNDA:1,(anonymous_0)
FNDA:2,(anonymous_1)
FNDA:2,(anonymous_2)
DA:5,2
DA:6,1
DA:8,1
DA:12,2
DA:13,2
DA:14,1
DA:16,1
LF:7
LH:7
BRDA:5,0,0,1
BRDA:5,0,1,1
BRF:2
BRH:2
end_of_record
TN:
SF:src\core\factories\makePostUseCases.ts
FN:11,makePostUseCases
FNF:1
FNH:1
FNDA:3,makePostUseCases
DA:12,3
DA:14,3
DA:15,3
DA:16,3
DA:17,3
DA:18,3
DA:19,3
DA:21,3
LF:8
LH:8
BRF:0
BRH:0
end_of_record
TN:
SF:src\core\factories\makeUserUseCases.ts
FN:12,makeUserUseCases
FNF:1
FNH:1
FNDA:2,makeUserUseCases
DA:13,2
DA:15,2
DA:16,2
DA:17,2
DA:18,2
DA:19,2
DA:20,2
DA:21,2
DA:23,2
LF:9
LH:9
BRF:0
BRH:0
end_of_record
TN:
SF:src\core\infra\repositories\MockPostRepository.ts
FN:10,(anonymous_0)
FN:12,(anonymous_1)
FN:19,(anonymous_2)
FN:23,(anonymous_3)
FN:27,(anonymous_4)
FN:28,(anonymous_5)
FN:31,(anonymous_6)
FN:32,(anonymous_7)
FN:35,(anonymous_8)
FN:36,(anonymous_9)
FN:46,(anonymous_10)
FN:47,(anonymous_11)
FN:53,(anonymous_12)
FN:54,(anonymous_13)
FN:57,(anonymous_14)
FNF:15
FNH:15
FNDA:9,(anonymous_0)
FNDA:16,(anonymous_1)
FNDA:20,(anonymous_2)
FNDA:5,(anonymous_3)
FNDA:6,(anonymous_4)
FNDA:4,(anonymous_5)
FNDA:2,(anonymous_6)
FNDA:5,(anonymous_7)
FNDA:2,(anonymous_8)
FNDA:5,(anonymous_9)
FNDA:2,(anonymous_10)
FNDA:2,(anonymous_11)
FNDA:2,(anonymous_12)
FNDA:2,(anonymous_13)
FNDA:6,(anonymous_14)
DA:8,9
DA:13,16
DA:14,4
DA:16,16
DA:20,20
DA:24,5
DA:28,6
DA:32,5
DA:36,2
DA:37,5
DA:41,5
DA:47,2
DA:48,2
DA:49,2
DA:54,2
DA:58,6
LF:16
LH:16
BRDA:13,0,0,4
BRDA:13,0,1,12
BRDA:48,1,0,2
BRDA:48,1,1,0
BRF:4
BRH:3
end_of_record
TN:
SF:src\core\infra\repositories\MockUserRepository.ts
FN:19,(anonymous_0)
FN:26,(anonymous_1)
FN:30,(anonymous_2)
FN:31,(anonymous_3)
FN:34,(anonymous_4)
FN:35,(anonymous_5)
FN:38,(anonymous_6)
FN:39,(anonymous_7)
FN:46,(anonymous_8)
FN:47,(anonymous_9)
FN:50,(anonymous_10)
FNF:11
FNH:11
FNDA:12,(anonymous_0)
FNDA:9,(anonymous_1)
FNDA:12,(anonymous_2)
FNDA:19,(anonymous_3)
FNDA:5,(anonymous_4)
FNDA:6,(anonymous_5)
FNDA:2,(anonymous_6)
FNDA:3,(anonymous_7)
FNDA:2,(anonymous_8)
FNDA:3,(anonymous_9)
FNDA:5,(anonymous_10)
DA:10,7
DA:20,12
DA:21,3
DA:23,12
DA:27,9
DA:31,19
DA:35,6
DA:39,3
DA:40,2
DA:41,2
DA:42,2
DA:47,3
DA:51,5
LF:13
LH:13
BRDA:20,0,0,3
BRDA:20,0,1,9
BRDA:31,1,0,12
BRDA:31,1,1,5
BRDA:35,2,0,5
BRDA:35,2,1,1
BRDA:41,3,0,2
BRDA:41,3,1,0
BRF:8
BRH:7
end_of_record
TN:
SF:src\navigations\BottomMainNavigation.tsx
FN:21,BottomMainNavigation
FN:25,(anonymous_1)
FN:30,(anonymous_2)
FN:33,(anonymous_3)
FN:36,(anonymous_4)
FN:39,(anonymous_5)
FNF:6
FNH:5
FNDA:1,BottomMainNavigation
FNDA:5,(anonymous_1)
FNDA:4,(anonymous_2)
FNDA:4,(anonymous_3)
FNDA:4,(anonymous_4)
FNDA:0,(anonymous_5)
DA:3,1
DA:12,1
DA:22,1
DA:25,5
DA:30,4
DA:33,4
DA:36,4
DA:39,0
DA:46,1
LF:9
LH:8
BRF:0
BRH:0
end_of_record
TN:
SF:src\navigations\LoginStackNavigations.tsx
FN:21,LoginStackNavigations
FNF:1
FNH:1
FNDA:2,LoginStackNavigations
DA:7,1
DA:22,2
LF:2
LH:2
BRF:0
BRH:0
end_of_record
TN:
SF:src\navigations\MainStackNavigation.tsx
FN:33,MainStackNavigation
FNF:1
FNH:1
FNDA:2,MainStackNavigation
DA:18,1
DA:34,2
LF:2
LH:2
BRF:0
BRH:0
end_of_record
TN:
SF:src\navigations\index.tsx
FN:7,Navigation
FNF:1
FNH:1
FNDA:4,Navigation
DA:8,4
DA:10,4
LF:2
LH:2
BRDA:12,0,0,2
BRDA:12,0,1,2
BRF:2
BRH:2
end_of_record
TN:
SF:src\screens\Add\index.tsx
FN:24,AddScreen
FN:32,(anonymous_1)
FN:34,getCurrentLocation
FN:55,(anonymous_3)
FN:94,(anonymous_4)
FN:122,(anonymous_5)
FN:122,(anonymous_6)
FNF:7
FNH:0
FNDA:0,AddScreen
FNDA:0,(anonymous_1)
FNDA:0,getCurrentLocation
FNDA:0,(anonymous_3)
FNDA:0,(anonymous_4)
FNDA:0,(anonymous_5)
FNDA:0,(anonymous_6)
DA:18,1
DA:25,0
DA:26,0
DA:27,0
DA:28,0
DA:29,0
DA:30,0
DA:32,0
DA:35,0
DA:36,0
DA:37,0
DA:38,0
DA:39,0
DA:40,0
DA:43,0
DA:44,0
DA:45,0
DA:46,0
DA:47,0
DA:48,0
DA:52,0
DA:55,0
DA:56,0
DA:57,0
DA:58,0
DA:59,0
DA:62,0
DA:71,0
DA:73,0
DA:80,0
DA:82,0
DA:92,0
DA:94,0
DA:122,0
LF:34
LH:1
BRDA:35,0,0,0
BRDA:35,0,1,0
BRDA:38,1,0,0
BRDA:38,1,1,0
BRDA:57,2,0,0
BRDA:57,2,1,0
BRDA:99,3,0,0
BRDA:99,3,1,0
BRDA:110,4,0,0
BRDA:110,4,1,0
BRDA:112,5,0,0
BRDA:112,5,1,0
BRDA:123,6,0,0
BRDA:123,6,1,0
BRF:14
BRH:0
end_of_record
TN:
SF:src\screens\Add\styles.ts
FNF:0
FNH:0
DA:5,1
LF:1
LH:1
BRF:0
BRH:0
end_of_record
TN:
SF:src\screens\Camera\index.tsx
FN:13,CameraScreen
FN:23,(anonymous_1)
FN:24,setAspect
FN:47,toggleCameraFacing
FN:48,(anonymous_4)
FN:51,takePicture
FN:58,savePhoto
FN:80,(anonymous_7)
FNF:8
FNH:0
FNDA:0,CameraScreen
FNDA:0,(anonymous_1)
FNDA:0,setAspect
FNDA:0,toggleCameraFacing
FNDA:0,(anonymous_4)
FNDA:0,takePicture
FNDA:0,savePhoto
FNDA:0,(anonymous_7)
DA:14,0
DA:15,0
DA:16,0
DA:17,0
DA:18,0
DA:20,0
DA:21,0
DA:23,0
DA:25,0
DA:26,0
DA:27,0
DA:31,0
DA:34,0
DA:35,0
DA:38,0
DA:39,0
DA:48,0
DA:52,0
DA:53,0
DA:54,0
DA:59,0
DA:60,0
DA:61,0
DA:63,0
DA:64,0
DA:66,0
DA:67,0
DA:76,0
DA:77,0
DA:80,0
DA:91,0
LF:31
LH:0
BRDA:21,0,0,0
BRDA:21,0,1,0
BRDA:25,1,0,0
BRDA:25,1,1,0
BRDA:34,2,0,0
BRDA:34,2,1,0
BRDA:38,3,0,0
BRDA:38,3,1,0
BRDA:48,4,0,0
BRDA:48,4,1,0
BRDA:52,5,0,0
BRDA:52,5,1,0
BRDA:60,6,0,0
BRDA:60,6,1,0
BRDA:65,7,0,0
BRDA:65,7,1,0
BRDA:76,8,0,0
BRDA:76,8,1,0
BRF:18
BRH:0
end_of_record
TN:
SF:src\screens\Camera\styles.ts
FNF:0
FNH:0
DA:4,1
LF:1
LH:1
BRF:0
BRH:0
end_of_record
TN:
SF:src\screens\EditProfile\index.tsx
FN:14,EditProfileScreen
FN:21,(anonymous_1)
FN:29,(anonymous_2)
FN:55,(anonymous_3)
FNF:4
FNH:4
FNDA:5,EditProfileScreen
FNDA:2,(anonymous_1)
FNDA:1,(anonymous_2)
FNDA:1,(anonymous_3)
DA:15,5
DA:16,5
DA:17,5
DA:18,5
DA:19,5
DA:21,5
DA:22,2
DA:23,2
DA:24,2
DA:25,2
DA:29,5
DA:30,1
DA:31,1
DA:36,1
DA:43,1
DA:45,0
DA:55,5
DA:56,1
DA:57,1
DA:58,1
DA:60,0
DA:64,5
LF:22
LH:20
BRDA:23,0,0,2
BRDA:23,0,1,0
BRF:2
BRH:1
end_of_record
TN:
SF:src\screens\EditProfile\styles.ts
FNF:0
FNH:0
DA:4,1
LF:1
LH:1
BRF:0
BRH:0
end_of_record
TN:
SF:src\screens\Explorar\index.tsx
FN:4,ExplorarScreen
FNF:1
FNH:0
FNDA:0,ExplorarScreen
DA:5,0
LF:1
LH:0
BRF:0
BRH:0
end_of_record
TN:
SF:src\screens\Explorar\styles.ts
FNF:0
FNH:0
DA:4,1
LF:1
LH:1
BRF:0
BRH:0
end_of_record
TN:
SF:src\screens\Home\index.tsx
FN:10,HomeScreen
FN:14,(anonymous_1)
FN:16,(anonymous_2)
FN:19,(anonymous_3)
FN:30,(anonymous_4)
FN:31,(anonymous_5)
FN:34,(anonymous_6)
FNF:7
FNH:3
FNDA:2,HomeScreen
FNDA:0,(anonymous_1)
FNDA:0,(anonymous_2)
FNDA:1,(anonymous_3)
FNDA:0,(anonymous_4)
FNDA:0,(anonymous_5)
FNDA:2,(anonymous_6)
DA:11,2
DA:12,2
DA:14,2
DA:15,0
DA:16,0
DA:19,2
DA:20,1
DA:23,2
DA:30,0
DA:32,0
DA:35,2
LF:11
LH:7
BRF:0
BRH:0
end_of_record
TN:
SF:src\screens\Home\styles.ts
FNF:0
FNH:0
DA:4,1
LF:1
LH:1
BRF:0
BRH:0
end_of_record
TN:
SF:src\screens\Login\index.tsx
FN:12,LoginScreen
FN:17,(anonymous_1)
FN:51,(anonymous_2)
FNF:3
FNH:3
FNDA:4,LoginScreen
FNDA:1,(anonymous_1)
FNDA:1,(anonymous_2)
DA:13,4
DA:14,4
DA:15,4
DA:17,4
DA:18,1
DA:19,1
DA:20,1
DA:21,1
DA:23,0
DA:27,4
DA:51,1
LF:11
LH:10
BRF:0
BRH:0
end_of_record
TN:
SF:src\screens\Login\styles.ts
FNF:0
FNH:0
DA:4,1
LF:1
LH:1
BRF:0
BRH:0
end_of_record
TN:
SF:src\screens\Perfil\index.tsx
FN:11,PerfilScreen
FN:16,(anonymous_1)
FN:21,(anonymous_2)
FN:21,(anonymous_3)
FN:29,(anonymous_4)
FN:41,(anonymous_5)
FN:42,(anonymous_6)
FNF:7
FNH:4
FNDA:2,PerfilScreen
FNDA:2,(anonymous_1)
FNDA:2,(anonymous_2)
FNDA:0,(anonymous_3)
FNDA:2,(anonymous_4)
FNDA:0,(anonymous_5)
FNDA:0,(anonymous_6)
DA:12,2
DA:13,2
DA:15,2
DA:17,2
DA:21,2
DA:23,2
DA:29,2
DA:41,0
DA:43,0
LF:9
LH:7
BRF:0
BRH:0
end_of_record
TN:
SF:src\screens\Perfil\styles.ts
FNF:0
FNH:0
DA:4,1
LF:1
LH:1
BRF:0
BRH:0
end_of_record
TN:
SF:src\screens\Register\index.tsx
FN:13,RegisterScreen
FN:21,(anonymous_1)
FN:69,(anonymous_2)
FNF:3
FNH:2
FNDA:6,RegisterScreen
FNDA:1,(anonymous_1)
FNDA:0,(anonymous_2)
DA:14,6
DA:15,6
DA:16,6
DA:17,6
DA:18,6
DA:19,6
DA:21,6
DA:22,1
DA:23,1
DA:24,0
DA:27,1
DA:28,1
DA:29,1
DA:31,1
DA:32,1
DA:39,1
DA:41,0
DA:51,6
DA:69,0
LF:19
LH:16
BRDA:23,0,0,0
BRDA:23,0,1,1
BRF:2
BRH:1
end_of_record
TN:
SF:src\screens\Register\styles.ts
FNF:0
FNH:0
DA:4,1
LF:1
LH:1
BRF:0
BRH:0
end_of_record
TN:
SF:src\styles\colors.ts
FNF:0
FNH:0
DA:2,1
LF:1
LH:1
BRF:0
BRH:0
end_of_record
